#
# A fatal error has been detected by the Java Runtime Environment:
#
#  EXCEPTION_ACCESS_VIOLATION (0xc0000005) at pc=0x0000000000000000, pid=21476, tid=14256
#
# JRE version: Java(TM) SE Runtime Environment (18.0.1+10) (build 18.0.1+10-24)
# Java VM: Java HotSpot(TM) 64-Bit Server VM (18.0.1+10-24, mixed mode, sharing, tiered, compressed oops, compressed class ptrs, g1 gc, windows-amd64)
# Problematic frame:
# C  0x0000000000000000
#
# No core dump will be written. Minidumps are not enabled by default on client versions of Windows
#
# If you would like to submit a bug report, please visit:
#   https://bugreport.java.com/bugreport/crash.jsp
# The crash happened outside the Java Virtual Machine in native code.
# See problematic frame for where to report the bug.
#

---------------  S U M M A R Y ------------

Command Line: -agentlib:jdwp=transport=dt_socket,address=127.0.0.1:54492,suspend=y,server=n -javaagent:C:\Users\Camer\AppData\Local\JetBrains\IdeaIC2023.2\captureAgent\debugger-agent.jar -Dfile.encoding=UTF-8 -Dsun.stdout.encoding=UTF-8 -Dsun.stderr.encoding=UTF-8 com.quickscythe.silver.Main leveleditor

Host: AMD Ryzen 3 3100 4-Core Processor              , 8 cores, 11G,  Windows 10 , 64 bit Build 19041 (10.0.19041.3636)
Time: Fri Feb  2 16:40:53 2024 Central Standard Time elapsed time: 304.551279 seconds (0d 0h 5m 4s)

---------------  T H R E A D  ---------------

Current thread (0x0000023d7d7f6fb0):  JavaThread "AWT-Windows" daemon [_thread_in_native, id=14256, stack(0x00000040eef00000,0x00000040ef000000)]

Stack: [0x00000040eef00000,0x00000040ef000000],  sp=0x00000040eeffecf8,  free space=1019k
Native frames: (J=compiled Java code, j=interpreted, Vv=VM code, C=native code)

Java frames: (J=compiled Java code, j=interpreted, Vv=VM code)
j  sun.awt.windows.WToolkit.eventLoop()V+0 java.desktop@18.0.1
j  sun.awt.windows.WToolkit.run()V+50 java.desktop@18.0.1
j  java.lang.Thread.run()V+11 java.base@18.0.1
v  ~StubRoutines::call_stub

siginfo: EXCEPTION_ACCESS_VIOLATION (0xc0000005), data execution prevention violation at address 0x0000000000000000


Register to memory mapping:

RIP=0x0 is NULL
RAX=0x0 is NULL
RBX=0x0000023d7fc549a0 points into unknown readable memory: 0x0000023d0ad96798 | 98 67 d9 0a 3d 02 00 00
RCX=0x0 is NULL
RDX=0x0000023d0ad96798 points into unknown readable memory: 0x0000000200000058 | 58 00 00 00 02 00 00 00
RSP=0x00000040eeffecf8 is pointing into the stack for thread: 0x0000023d7d7f6fb0
RBP=0x00007ffc3459a7e0 awt.dll
RSI=0x0 is NULL
RDI=0x0000023d7ddcf120 points into unknown readable memory: 0x0000000000000000 | 00 00 00 00 00 00 00 00
R8 =0x0000023d7fc549a0 points into unknown readable memory: 0x0000023d0ad96798 | 98 67 d9 0a 3d 02 00 00
R9 =0x0 is NULL
R10=0x0000000000008000 is an unknown value
R11=0x00000040eeffeec0 is pointing into the stack for thread: 0x0000023d7d7f6fb0
R12=0x0 is NULL
R13={method} {0x0000023d001b2480} 'eventLoop' '()V' in 'sun/awt/windows/WToolkit'
R14=0x00000040eefff1a8 is pointing into the stack for thread: 0x0000023d7d7f6fb0
R15=0x0000023d7d7f6fb0 is a thread


Registers:
RAX=0x0000000000000000, RBX=0x0000023d7fc549a0, RCX=0x0000000000000000, RDX=0x0000023d0ad96798
RSP=0x00000040eeffecf8, RBP=0x00007ffc3459a7e0, RSI=0x0000000000000000, RDI=0x0000023d7ddcf120
R8 =0x0000023d7fc549a0, R9 =0x0000000000000000, R10=0x0000000000008000, R11=0x00000040eeffeec0
R12=0x0000000000000000, R13=0x0000023d001b2478, R14=0x00000040eefff1a8, R15=0x0000023d7d7f6fb0
RIP=0x0000000000000000, EFLAGS=0x0000000000010202

Top of Stack: (sp=0x00000040eeffecf8)
0x00000040eeffecf8:   00007ffc4a7e2b18 0000023d00575500
0x00000040eeffed08:   0000000000000000 00004bc0def46d59
0x00000040eeffed18:   000000000000000e 0000023d7ddcf120
0x00000040eeffed28:   00007ffc4a7e2a47 0000023d7fc549a0
0x00000040eeffed38:   0000023d7e0a7770 00000040eeffeeb8
0x00000040eeffed48:   00007ffc1f86ad7b 0000023d7fd96aa0
0x00000040eeffed58:   00007ffc4a7c041e 0000023d7fc9c8a0
0x00000040eeffed68:   0000023d7d7f6fb0 0000023d7fc4c610
0x00000040eeffed78:   00000040eeffedc0 0000023d7ddcf120
0x00000040eeffed88:   0000023d7fc549a0 0000023d0000000e
0x00000040eeffed98:   00007ffc68b95ba1 0000000000000000
0x00000040eeffeda8:   00007ffc4a7c033b 0000023d7d5c1900
0x00000040eeffedb8:   00007ffc1f8678ef fffffffffffffffe
0x00000040eeffedc8:   fffffffffffffffe 00000040eefff1a8
0x00000040eeffedd8:   00007ffc4a7c02a0 0000000000000001
0x00000040eeffede8:   0000000000000001 0000023d7fc9c8a0 

Instructions: (pc=0x0000000000000000)
0xffffffffffffff00:   


Stack slot to memory mapping:
stack at sp + 0 slots: 0x00007ffc4a7e2b18 d3d9.dll
stack at sp + 1 slots: 0x0000023d00575500 is pointing into metadata
stack at sp + 2 slots: 0x0 is NULL
stack at sp + 3 slots: 0x00004bc0def46d59 is an unknown value
stack at sp + 4 slots: 0x000000000000000e is an unknown value
stack at sp + 5 slots: 0x0000023d7ddcf120 points into unknown readable memory: 0x0000000000000000 | 00 00 00 00 00 00 00 00
stack at sp + 6 slots: 0x00007ffc4a7e2a47 d3d9.dll
stack at sp + 7 slots: 0x0000023d7fc549a0 points into unknown readable memory: 0x0000023d0ad96798 | 98 67 d9 0a 3d 02 00 00


---------------  P R O C E S S  ---------------

Threads class SMR info:
_java_thread_list=0x0000023d0c426d70, length=20, elements={
0x0000023d7d04d600, 0x0000023d7d052180, 0x0000023d7d067460, 0x0000023d7d068d20,
0x0000023d7d0695d0, 0x0000023d7d069e80, 0x0000023d7d06aa60, 0x0000023d7d0769a0,
0x0000023d7d08e430, 0x0000023d7d487490, 0x0000023d7d57a6b0, 0x0000023d7d573f30,
0x0000023d7d791310, 0x0000023d7d791ff0, 0x0000023d7d7f6fb0, 0x0000023d7e1e10c0,
0x0000023d7d58bbc0, 0x0000023d7fcd0b10, 0x0000023d7f638740, 0x0000023d7f069f20
}

Java Threads: ( => current thread )
  0x0000023d7d04d600 JavaThread "Reference Handler" daemon [_thread_blocked, id=8644, stack(0x00000040ede00000,0x00000040edf00000)]
  0x0000023d7d052180 JavaThread "Finalizer" daemon [_thread_blocked, id=14192, stack(0x00000040edf00000,0x00000040ee000000)]
  0x0000023d7d067460 JavaThread "Signal Dispatcher" daemon [_thread_blocked, id=18524, stack(0x00000040ee000000,0x00000040ee100000)]
  0x0000023d7d068d20 JavaThread "Attach Listener" daemon [_thread_blocked, id=9128, stack(0x00000040ee100000,0x00000040ee200000)]
  0x0000023d7d0695d0 JavaThread "Service Thread" daemon [_thread_blocked, id=9004, stack(0x00000040ee200000,0x00000040ee300000)]
  0x0000023d7d069e80 JavaThread "Monitor Deflation Thread" daemon [_thread_blocked, id=11104, stack(0x00000040ee300000,0x00000040ee400000)]
  0x0000023d7d06aa60 JavaThread "C2 CompilerThread0" daemon [_thread_blocked, id=13996, stack(0x00000040ee400000,0x00000040ee500000)]
  0x0000023d7d0769a0 JavaThread "C1 CompilerThread0" daemon [_thread_blocked, id=10544, stack(0x00000040ee500000,0x00000040ee600000)]
  0x0000023d7d08e430 JavaThread "Sweeper thread" daemon [_thread_blocked, id=8236, stack(0x00000040ee600000,0x00000040ee700000)]
  0x0000023d7d487490 JavaThread "Common-Cleaner" daemon [_thread_blocked, id=21268, stack(0x00000040ee700000,0x00000040ee800000)]
  0x0000023d7d57a6b0 JavaThread "JDWP Event Helper Thread" daemon [_thread_blocked, id=2208, stack(0x00000040ee900000,0x00000040eea00000)]
  0x0000023d7d573f30 JavaThread "Notification Thread" daemon [_thread_blocked, id=10864, stack(0x00000040eeb00000,0x00000040eec00000)]
  0x0000023d7d791310 JavaThread "Java2D Disposer" daemon [_thread_blocked, id=16180, stack(0x00000040eed00000,0x00000040eee00000)]
  0x0000023d7d791ff0 JavaThread "AWT-Shutdown" [_thread_blocked, id=22048, stack(0x00000040eee00000,0x00000040eef00000)]
=>0x0000023d7d7f6fb0 JavaThread "AWT-Windows" daemon [_thread_in_native, id=14256, stack(0x00000040eef00000,0x00000040ef000000)]
  0x0000023d7e1e10c0 JavaThread "TimerQueue" daemon [_thread_blocked, id=22380, stack(0x00000040f0c00000,0x00000040f0d00000)]
  0x0000023d7d58bbc0 JavaThread "Thread-0" [_thread_in_native, id=13008, stack(0x00000040f0d00000,0x00000040f0e00000)]
  0x0000023d7fcd0b10 JavaThread "AWT-EventQueue-0" [_thread_blocked, id=12144, stack(0x00000040f0e00000,0x00000040f0f00000)]
  0x0000023d7f638740 JavaThread "DestroyJavaVM" [_thread_blocked, id=14360, stack(0x00000040ed700000,0x00000040ed800000)]
  0x0000023d7f069f20 JavaThread "ToolkitShutdown" daemon [_thread_in_native, id=6856, stack(0x00000040ee800000,0x00000040ee900000)]

Other Threads:
  0x0000023d7d0486e0 VMThread "VM Thread" [stack: 0x00000040edd00000,0x00000040ede00000] [id=7272]
  0x0000023d7d575420 WatcherThread "VM Periodic Task Thread" [stack: 0x00000040eec00000,0x00000040eed00000] [id=19588]
  0x0000023d5caf7470 WorkerThread "GC Thread#0" [stack: 0x00000040ed800000,0x00000040ed900000] [id=15232]
  0x0000023d7e199280 WorkerThread "GC Thread#1" [stack: 0x00000040f0300000,0x00000040f0400000] [id=10820]
  0x0000023d7e199520 WorkerThread "GC Thread#2" [stack: 0x00000040f0400000,0x00000040f0500000] [id=22516]
  0x0000023d7e1befe0 WorkerThread "GC Thread#3" [stack: 0x00000040f0500000,0x00000040f0600000] [id=12516]
  0x0000023d7e1bf280 WorkerThread "GC Thread#4" [stack: 0x00000040f0600000,0x00000040f0700000] [id=12128]
  0x0000023d7efae1a0 WorkerThread "GC Thread#5" [stack: 0x00000040f0700000,0x00000040f0800000] [id=21660]
  0x0000023d7efae440 WorkerThread "GC Thread#6" [stack: 0x00000040f0800000,0x00000040f0900000] [id=21104]
  0x0000023d7f0129a0 WorkerThread "GC Thread#7" [stack: 0x00000040f0900000,0x00000040f0a00000] [id=14232]
  0x0000023d5cb071d0 ConcurrentGCThread "G1 Main Marker" [stack: 0x00000040ed900000,0x00000040eda00000] [id=15908]
  0x0000023d5cb07ad0 WorkerThread "G1 Conc#0" [stack: 0x00000040eda00000,0x00000040edb00000] [id=7600]
  0x0000023d7e1d0b70 WorkerThread "G1 Conc#1" [stack: 0x00000040f0a00000,0x00000040f0b00000] [id=12580]
  0x0000023d5cb439e0 ConcurrentGCThread "G1 Refine#0" [stack: 0x00000040edb00000,0x00000040edc00000] [id=16072]
  0x0000023d5cb44200 ConcurrentGCThread "G1 Service" [stack: 0x00000040edc00000,0x00000040edd00000] [id=17624]

Threads with active compile tasks:

VM state: not at safepoint (normal execution)

VM Mutex/Monitor currently owned by a thread: None

Heap address: 0x0000000741000000, size: 3056 MB, Compressed Oops mode: Zero based, Oop shift amount: 3

CDS archive(s) mapped at: [0x0000000800000000-0x0000000800ba0000-0x0000000800ba0000), size 12189696, SharedBaseAddress: 0x0000000800000000, ArchiveRelocationMode: 0.
Compressed class space mapped at: 0x0000000800c00000-0x0000000840c00000, reserved size: 1073741824
Narrow klass base: 0x0000000800000000, Narrow klass shift: 0, Narrow klass range: 0x100000000

GC Precious Log:
 CardTable entry size: 512
 Card Set container configuration: InlinePtr #cards 4 size 8 Array Of Cards #cards 16 size 48 Howl #buckets 8 coarsen threshold 3686 Howl Bitmap #cards 512 size 80 coarsen threshold 460 Card regions per heap region 1 cards per card region 4096
 CPUs: 8 total, 8 available
 Memory: 12218M
 Large Page Support: Disabled
 NUMA Support: Disabled
 Compressed Oops: Enabled (Zero based)
 Heap Region Size: 2M
 Heap Min Capacity: 8M
 Heap Initial Capacity: 192M
 Heap Max Capacity: 3056M
 Pre-touch: Disabled
 Parallel Workers: 8
 Concurrent Workers: 2
 Concurrent Refinement Workers: 8
 Periodic GC: Disabled

Heap:
 garbage-first heap   total 491520K, used 350191K [0x0000000741000000, 0x0000000800000000)
  region size 2048K, 81 young (165888K), 1 survivors (2048K)
 Metaspace       used 9979K, committed 10176K, reserved 1114112K
  class space    used 927K, committed 1024K, reserved 1048576K

Heap Regions: E=young(eden), S=young(survivor), O=old, HS=humongous(starts), HC=humongous(continues), CS=collection set, F=free, OA=open archive, CA=closed archive, TAMS=top-at-mark-start (previous, next)
|   0|0x0000000741000000, 0x0000000741200000, 0x0000000741200000|100%|HS|  |TAMS 0x0000000741200000, 0x0000000741000000| Complete 
|   1|0x0000000741200000, 0x0000000741400000, 0x0000000741400000|100%|HC|  |TAMS 0x0000000741400000, 0x0000000741200000| Complete 
|   2|0x0000000741400000, 0x0000000741600000, 0x0000000741600000|100%|HC|  |TAMS 0x0000000741600000, 0x0000000741400000| Complete 
|   3|0x0000000741600000, 0x0000000741800000, 0x0000000741800000|100%|HC|  |TAMS 0x0000000741800000, 0x0000000741600000| Complete 
|   4|0x0000000741800000, 0x0000000741a00000, 0x0000000741a00000|100%|HS|  |TAMS 0x0000000741a00000, 0x0000000741800000| Complete 
|   5|0x0000000741a00000, 0x0000000741c00000, 0x0000000741c00000|100%|HC|  |TAMS 0x0000000741c00000, 0x0000000741a00000| Complete 
|   6|0x0000000741c00000, 0x0000000741e00000, 0x0000000741e00000|100%|HC|  |TAMS 0x0000000741e00000, 0x0000000741c00000| Complete 
|   7|0x0000000741e00000, 0x0000000742000000, 0x0000000742000000|100%|HC|  |TAMS 0x0000000742000000, 0x0000000741e00000| Complete 
|   8|0x0000000742000000, 0x0000000742200000, 0x0000000742200000|100%|HS|  |TAMS 0x0000000742200000, 0x0000000742000000| Complete 
|   9|0x0000000742200000, 0x0000000742400000, 0x0000000742400000|100%|HC|  |TAMS 0x0000000742400000, 0x0000000742200000| Complete 
|  10|0x0000000742400000, 0x0000000742600000, 0x0000000742600000|100%|HC|  |TAMS 0x0000000742600000, 0x0000000742400000| Complete 
|  11|0x0000000742600000, 0x0000000742800000, 0x0000000742800000|100%|HC|  |TAMS 0x0000000742800000, 0x0000000742600000| Complete 
|  12|0x0000000742800000, 0x0000000742a00000, 0x0000000742a00000|100%|HS|  |TAMS 0x0000000742a00000, 0x0000000742800000| Complete 
|  13|0x0000000742a00000, 0x0000000742c00000, 0x0000000742c00000|100%|HC|  |TAMS 0x0000000742c00000, 0x0000000742a00000| Complete 
|  14|0x0000000742c00000, 0x0000000742e00000, 0x0000000742e00000|100%|HC|  |TAMS 0x0000000742e00000, 0x0000000742c00000| Complete 
|  15|0x0000000742e00000, 0x0000000743000000, 0x0000000743000000|100%|HC|  |TAMS 0x0000000743000000, 0x0000000742e00000| Complete 
|  16|0x0000000743000000, 0x0000000743200000, 0x0000000743200000|100%|HS|  |TAMS 0x0000000743200000, 0x0000000743000000| Complete 
|  17|0x0000000743200000, 0x0000000743400000, 0x0000000743400000|100%|HC|  |TAMS 0x0000000743400000, 0x0000000743200000| Complete 
|  18|0x0000000743400000, 0x0000000743600000, 0x0000000743600000|100%|HC|  |TAMS 0x0000000743600000, 0x0000000743400000| Complete 
|  19|0x0000000743600000, 0x0000000743800000, 0x0000000743800000|100%|HC|  |TAMS 0x0000000743800000, 0x0000000743600000| Complete 
|  20|0x0000000743800000, 0x0000000743a00000, 0x0000000743a00000|100%|HS|  |TAMS 0x0000000743a00000, 0x0000000743800000| Complete 
|  21|0x0000000743a00000, 0x0000000743c00000, 0x0000000743c00000|100%|HC|  |TAMS 0x0000000743c00000, 0x0000000743a00000| Complete 
|  22|0x0000000743c00000, 0x0000000743e00000, 0x0000000743e00000|100%|HC|  |TAMS 0x0000000743e00000, 0x0000000743c00000| Complete 
|  23|0x0000000743e00000, 0x0000000744000000, 0x0000000744000000|100%|HC|  |TAMS 0x0000000744000000, 0x0000000743e00000| Complete 
|  24|0x0000000744000000, 0x0000000744200000, 0x0000000744200000|100%|HS|  |TAMS 0x0000000744200000, 0x0000000744000000| Complete 
|  25|0x0000000744200000, 0x0000000744400000, 0x0000000744400000|100%|HC|  |TAMS 0x0000000744400000, 0x0000000744200000| Complete 
|  26|0x0000000744400000, 0x0000000744600000, 0x0000000744600000|100%|HC|  |TAMS 0x0000000744600000, 0x0000000744400000| Complete 
|  27|0x0000000744600000, 0x0000000744800000, 0x0000000744800000|100%|HC|  |TAMS 0x0000000744800000, 0x0000000744600000| Complete 
|  28|0x0000000744800000, 0x0000000744a00000, 0x0000000744a00000|100%|HS|  |TAMS 0x0000000744a00000, 0x0000000744800000| Complete 
|  29|0x0000000744a00000, 0x0000000744c00000, 0x0000000744c00000|100%|HC|  |TAMS 0x0000000744c00000, 0x0000000744a00000| Complete 
|  30|0x0000000744c00000, 0x0000000744e00000, 0x0000000744e00000|100%|HC|  |TAMS 0x0000000744e00000, 0x0000000744c00000| Complete 
|  31|0x0000000744e00000, 0x0000000745000000, 0x0000000745000000|100%|HC|  |TAMS 0x0000000745000000, 0x0000000744e00000| Complete 
|  32|0x0000000745000000, 0x0000000745200000, 0x0000000745200000|100%|HS|  |TAMS 0x0000000745200000, 0x0000000745000000| Complete 
|  33|0x0000000745200000, 0x0000000745400000, 0x0000000745400000|100%|HC|  |TAMS 0x0000000745400000, 0x0000000745200000| Complete 
|  34|0x0000000745400000, 0x0000000745600000, 0x0000000745600000|100%|HC|  |TAMS 0x0000000745600000, 0x0000000745400000| Complete 
|  35|0x0000000745600000, 0x0000000745800000, 0x0000000745800000|100%|HC|  |TAMS 0x0000000745800000, 0x0000000745600000| Complete 
|  36|0x0000000745800000, 0x0000000745a00000, 0x0000000745a00000|100%|HS|  |TAMS 0x0000000745a00000, 0x0000000745800000| Complete 
|  37|0x0000000745a00000, 0x0000000745c00000, 0x0000000745c00000|100%|HC|  |TAMS 0x0000000745c00000, 0x0000000745a00000| Complete 
|  38|0x0000000745c00000, 0x0000000745e00000, 0x0000000745e00000|100%|HC|  |TAMS 0x0000000745e00000, 0x0000000745c00000| Complete 
|  39|0x0000000745e00000, 0x0000000746000000, 0x0000000746000000|100%|HC|  |TAMS 0x0000000746000000, 0x0000000745e00000| Complete 
|  40|0x0000000746000000, 0x0000000746200000, 0x0000000746200000|100%|HS|  |TAMS 0x0000000746200000, 0x0000000746000000| Complete 
|  41|0x0000000746200000, 0x0000000746400000, 0x0000000746400000|100%|HC|  |TAMS 0x0000000746400000, 0x0000000746200000| Complete 
|  42|0x0000000746400000, 0x0000000746600000, 0x0000000746600000|100%|HC|  |TAMS 0x0000000746600000, 0x0000000746400000| Complete 
|  43|0x0000000746600000, 0x0000000746800000, 0x0000000746800000|100%|HC|  |TAMS 0x0000000746800000, 0x0000000746600000| Complete 
|  44|0x0000000746800000, 0x0000000746a00000, 0x0000000746a00000|100%|HS|  |TAMS 0x0000000746a00000, 0x0000000746800000| Complete 
|  45|0x0000000746a00000, 0x0000000746c00000, 0x0000000746c00000|100%|HC|  |TAMS 0x0000000746c00000, 0x0000000746a00000| Complete 
|  46|0x0000000746c00000, 0x0000000746e00000, 0x0000000746e00000|100%|HC|  |TAMS 0x0000000746e00000, 0x0000000746c00000| Complete 
|  47|0x0000000746e00000, 0x0000000747000000, 0x0000000747000000|100%|HC|  |TAMS 0x0000000747000000, 0x0000000746e00000| Complete 
|  48|0x0000000747000000, 0x0000000747200000, 0x0000000747200000|100%|HS|  |TAMS 0x0000000747200000, 0x0000000747000000| Complete 
|  49|0x0000000747200000, 0x0000000747400000, 0x0000000747400000|100%|HC|  |TAMS 0x0000000747400000, 0x0000000747200000| Complete 
|  50|0x0000000747400000, 0x0000000747600000, 0x0000000747600000|100%|HC|  |TAMS 0x0000000747600000, 0x0000000747400000| Complete 
|  51|0x0000000747600000, 0x0000000747800000, 0x0000000747800000|100%|HC|  |TAMS 0x0000000747800000, 0x0000000747600000| Complete 
|  52|0x0000000747800000, 0x0000000747a00000, 0x0000000747a00000|100%|HS|  |TAMS 0x0000000747a00000, 0x0000000747800000| Complete 
|  53|0x0000000747a00000, 0x0000000747c00000, 0x0000000747c00000|100%|HC|  |TAMS 0x0000000747c00000, 0x0000000747a00000| Complete 
|  54|0x0000000747c00000, 0x0000000747e00000, 0x0000000747e00000|100%|HC|  |TAMS 0x0000000747e00000, 0x0000000747c00000| Complete 
|  55|0x0000000747e00000, 0x0000000748000000, 0x0000000748000000|100%|HC|  |TAMS 0x0000000748000000, 0x0000000747e00000| Complete 
|  56|0x0000000748000000, 0x0000000748200000, 0x0000000748200000|100%|HS|  |TAMS 0x0000000748200000, 0x0000000748000000| Complete 
|  57|0x0000000748200000, 0x0000000748400000, 0x0000000748400000|100%|HC|  |TAMS 0x0000000748400000, 0x0000000748200000| Complete 
|  58|0x0000000748400000, 0x0000000748600000, 0x0000000748600000|100%|HC|  |TAMS 0x0000000748600000, 0x0000000748400000| Complete 
|  59|0x0000000748600000, 0x0000000748800000, 0x0000000748800000|100%|HC|  |TAMS 0x0000000748800000, 0x0000000748600000| Complete 
|  60|0x0000000748800000, 0x0000000748a00000, 0x0000000748a00000|100%|HS|  |TAMS 0x0000000748a00000, 0x0000000748800000| Complete 
|  61|0x0000000748a00000, 0x0000000748c00000, 0x0000000748c00000|100%|HC|  |TAMS 0x0000000748c00000, 0x0000000748a00000| Complete 
|  62|0x0000000748c00000, 0x0000000748e00000, 0x0000000748e00000|100%|HC|  |TAMS 0x0000000748e00000, 0x0000000748c00000| Complete 
|  63|0x0000000748e00000, 0x0000000749000000, 0x0000000749000000|100%|HC|  |TAMS 0x0000000749000000, 0x0000000748e00000| Complete 
|  64|0x0000000749000000, 0x0000000749200000, 0x0000000749200000|100%|HS|  |TAMS 0x0000000749200000, 0x0000000749000000| Complete 
|  65|0x0000000749200000, 0x0000000749400000, 0x0000000749400000|100%|HC|  |TAMS 0x0000000749400000, 0x0000000749200000| Complete 
|  66|0x0000000749400000, 0x0000000749600000, 0x0000000749600000|100%|HC|  |TAMS 0x0000000749600000, 0x0000000749400000| Complete 
|  67|0x0000000749600000, 0x0000000749800000, 0x0000000749800000|100%|HC|  |TAMS 0x0000000749800000, 0x0000000749600000| Complete 
|  68|0x0000000749800000, 0x0000000749a00000, 0x0000000749a00000|100%| O|  |TAMS 0x0000000749800000, 0x0000000749800000| Untracked 
|  69|0x0000000749a00000, 0x0000000749bc9e00, 0x0000000749c00000| 89%| O|  |TAMS 0x0000000749a00000, 0x0000000749a00000| Untracked 
|  70|0x0000000749c00000, 0x0000000749c00000, 0x0000000749e00000|  0%| F|  |TAMS 0x0000000749c00000, 0x0000000749c00000| Untracked 
|  71|0x0000000749e00000, 0x0000000749e00000, 0x000000074a000000|  0%| F|  |TAMS 0x0000000749e00000, 0x0000000749e00000| Untracked 
|  72|0x000000074a000000, 0x000000074a200000, 0x000000074a200000|100%|HS|  |TAMS 0x000000074a200000, 0x000000074a000000| Complete 
|  73|0x000000074a200000, 0x000000074a400000, 0x000000074a400000|100%|HC|  |TAMS 0x000000074a400000, 0x000000074a200000| Complete 
|  74|0x000000074a400000, 0x000000074a600000, 0x000000074a600000|100%|HC|  |TAMS 0x000000074a600000, 0x000000074a400000| Complete 
|  75|0x000000074a600000, 0x000000074a800000, 0x000000074a800000|100%|HC|  |TAMS 0x000000074a800000, 0x000000074a600000| Complete 
|  76|0x000000074a800000, 0x000000074a800000, 0x000000074aa00000|  0%| F|  |TAMS 0x000000074a800000, 0x000000074a800000| Untracked 
|  77|0x000000074aa00000, 0x000000074aa00000, 0x000000074ac00000|  0%| F|  |TAMS 0x000000074aa00000, 0x000000074aa00000| Untracked 
|  78|0x000000074ac00000, 0x000000074ac00000, 0x000000074ae00000|  0%| F|  |TAMS 0x000000074ac00000, 0x000000074ac00000| Untracked 
|  79|0x000000074ae00000, 0x000000074ae00000, 0x000000074b000000|  0%| F|  |TAMS 0x000000074ae00000, 0x000000074ae00000| Untracked 
|  80|0x000000074b000000, 0x000000074b200000, 0x000000074b200000|100%|HS|  |TAMS 0x000000074b200000, 0x000000074b000000| Complete 
|  81|0x000000074b200000, 0x000000074b400000, 0x000000074b400000|100%|HC|  |TAMS 0x000000074b400000, 0x000000074b200000| Complete 
|  82|0x000000074b400000, 0x000000074b600000, 0x000000074b600000|100%|HC|  |TAMS 0x000000074b600000, 0x000000074b400000| Complete 
|  83|0x000000074b600000, 0x000000074b800000, 0x000000074b800000|100%|HC|  |TAMS 0x000000074b800000, 0x000000074b600000| Complete 
|  84|0x000000074b800000, 0x000000074b800000, 0x000000074ba00000|  0%| F|  |TAMS 0x000000074b800000, 0x000000074b800000| Untracked 
|  85|0x000000074ba00000, 0x000000074ba00000, 0x000000074bc00000|  0%| F|  |TAMS 0x000000074ba00000, 0x000000074ba00000| Untracked 
|  86|0x000000074bc00000, 0x000000074bc00000, 0x000000074be00000|  0%| F|  |TAMS 0x000000074bc00000, 0x000000074bc00000| Untracked 
|  87|0x000000074be00000, 0x000000074be00000, 0x000000074c000000|  0%| F|  |TAMS 0x000000074be00000, 0x000000074be00000| Untracked 
|  88|0x000000074c000000, 0x000000074c200000, 0x000000074c200000|100%|HS|  |TAMS 0x000000074c200000, 0x000000074c000000| Complete 
|  89|0x000000074c200000, 0x000000074c400000, 0x000000074c400000|100%|HC|  |TAMS 0x000000074c400000, 0x000000074c200000| Complete 
|  90|0x000000074c400000, 0x000000074c600000, 0x000000074c600000|100%|HC|  |TAMS 0x000000074c600000, 0x000000074c400000| Complete 
|  91|0x000000074c600000, 0x000000074c800000, 0x000000074c800000|100%|HC|  |TAMS 0x000000074c800000, 0x000000074c600000| Complete 
|  92|0x000000074c800000, 0x000000074c800000, 0x000000074ca00000|  0%| F|  |TAMS 0x000000074c800000, 0x000000074c800000| Untracked 
|  93|0x000000074ca00000, 0x000000074ca00000, 0x000000074cc00000|  0%| F|  |TAMS 0x000000074ca00000, 0x000000074ca00000| Untracked 
|  94|0x000000074cc00000, 0x000000074cc00000, 0x000000074ce00000|  0%| F|  |TAMS 0x000000074cc00000, 0x000000074cc00000| Untracked 
|  95|0x000000074ce00000, 0x000000074ce00000, 0x000000074d000000|  0%| F|  |TAMS 0x000000074ce00000, 0x000000074ce00000| Untracked 
|  96|0x000000074d000000, 0x000000074d200000, 0x000000074d200000|100%| O|  |TAMS 0x000000074d200000, 0x000000074d000000| Untracked 
|  97|0x000000074d200000, 0x000000074d400000, 0x000000074d400000|100%| O|  |TAMS 0x000000074d2c7e00, 0x000000074d200000| Untracked 
|  98|0x000000074d400000, 0x000000074d600000, 0x000000074d600000|100%|HS|  |TAMS 0x000000074d600000, 0x000000074d400000| Complete 
|  99|0x000000074d600000, 0x000000074d800000, 0x000000074d800000|100%|HC|  |TAMS 0x000000074d800000, 0x000000074d600000| Complete 
| 100|0x000000074d800000, 0x000000074da00000, 0x000000074da00000|100%|HC|  |TAMS 0x000000074da00000, 0x000000074d800000| Complete 
| 101|0x000000074da00000, 0x000000074dc00000, 0x000000074dc00000|100%|HC|  |TAMS 0x000000074dc00000, 0x000000074da00000| Complete 
| 102|0x000000074dc00000, 0x000000074dc00000, 0x000000074de00000|  0%| F|  |TAMS 0x000000074dc00000, 0x000000074dc00000| Untracked 
| 103|0x000000074de00000, 0x000000074de00000, 0x000000074e000000|  0%| F|  |TAMS 0x000000074de00000, 0x000000074de00000| Untracked 
| 104|0x000000074e000000, 0x000000074e000000, 0x000000074e200000|  0%| F|  |TAMS 0x000000074e000000, 0x000000074e000000| Untracked 
| 105|0x000000074e200000, 0x000000074e200000, 0x000000074e400000|  0%| F|  |TAMS 0x000000074e200000, 0x000000074e200000| Untracked 
| 106|0x000000074e400000, 0x000000074e600000, 0x000000074e600000|100%|HS|  |TAMS 0x000000074e600000, 0x000000074e400000| Complete 
| 107|0x000000074e600000, 0x000000074e800000, 0x000000074e800000|100%|HC|  |TAMS 0x000000074e800000, 0x000000074e600000| Complete 
| 108|0x000000074e800000, 0x000000074ea00000, 0x000000074ea00000|100%|HC|  |TAMS 0x000000074ea00000, 0x000000074e800000| Complete 
| 109|0x000000074ea00000, 0x000000074ec00000, 0x000000074ec00000|100%|HC|  |TAMS 0x000000074ec00000, 0x000000074ea00000| Complete 
| 110|0x000000074ec00000, 0x000000074ec00000, 0x000000074ee00000|  0%| F|  |TAMS 0x000000074ec00000, 0x000000074ec00000| Untracked 
| 111|0x000000074ee00000, 0x000000074ee00000, 0x000000074f000000|  0%| F|  |TAMS 0x000000074ee00000, 0x000000074ee00000| Untracked 
| 112|0x000000074f000000, 0x000000074f000000, 0x000000074f200000|  0%| F|  |TAMS 0x000000074f000000, 0x000000074f000000| Untracked 
| 113|0x000000074f200000, 0x000000074f200000, 0x000000074f400000|  0%| F|  |TAMS 0x000000074f200000, 0x000000074f200000| Untracked 
| 114|0x000000074f400000, 0x000000074f400000, 0x000000074f600000|  0%| F|  |TAMS 0x000000074f400000, 0x000000074f400000| Untracked 
| 115|0x000000074f600000, 0x000000074f600000, 0x000000074f800000|  0%| F|  |TAMS 0x000000074f600000, 0x000000074f600000| Untracked 
| 116|0x000000074f800000, 0x000000074f831f80, 0x000000074fa00000|  9%| S|CS|TAMS 0x000000074f800000, 0x000000074f800000| Complete 
| 117|0x000000074fa00000, 0x000000074fa00000, 0x000000074fc00000|  0%| F|  |TAMS 0x000000074fa00000, 0x000000074fa00000| Untracked 
| 118|0x000000074fc00000, 0x000000074fc00000, 0x000000074fe00000|  0%| F|  |TAMS 0x000000074fc00000, 0x000000074fc00000| Untracked 
| 119|0x000000074fe00000, 0x000000074fe00000, 0x0000000750000000|  0%| F|  |TAMS 0x000000074fe00000, 0x000000074fe00000| Untracked 
| 120|0x0000000750000000, 0x0000000750000000, 0x0000000750200000|  0%| F|  |TAMS 0x0000000750000000, 0x0000000750000000| Untracked 
| 121|0x0000000750200000, 0x0000000750200000, 0x0000000750400000|  0%| F|  |TAMS 0x0000000750200000, 0x0000000750200000| Untracked 
| 122|0x0000000750400000, 0x0000000750400000, 0x0000000750600000|  0%| F|  |TAMS 0x0000000750400000, 0x0000000750400000| Untracked 
| 123|0x0000000750600000, 0x0000000750600000, 0x0000000750800000|  0%| F|  |TAMS 0x0000000750600000, 0x0000000750600000| Untracked 
| 124|0x0000000750800000, 0x0000000750800000, 0x0000000750a00000|  0%| F|  |TAMS 0x0000000750800000, 0x0000000750800000| Untracked 
| 125|0x0000000750a00000, 0x0000000750a00000, 0x0000000750c00000|  0%| F|  |TAMS 0x0000000750a00000, 0x0000000750a00000| Untracked 
| 126|0x0000000750c00000, 0x0000000750c00000, 0x0000000750e00000|  0%| F|  |TAMS 0x0000000750c00000, 0x0000000750c00000| Untracked 
| 127|0x0000000750e00000, 0x0000000750e00000, 0x0000000751000000|  0%| F|  |TAMS 0x0000000750e00000, 0x0000000750e00000| Untracked 
| 128|0x0000000751000000, 0x0000000751000000, 0x0000000751200000|  0%| F|  |TAMS 0x0000000751000000, 0x0000000751000000| Untracked 
| 129|0x0000000751200000, 0x0000000751200000, 0x0000000751400000|  0%| F|  |TAMS 0x0000000751200000, 0x0000000751200000| Untracked 
| 130|0x0000000751400000, 0x0000000751400000, 0x0000000751600000|  0%| F|  |TAMS 0x0000000751400000, 0x0000000751400000| Untracked 
| 131|0x0000000751600000, 0x0000000751600000, 0x0000000751800000|  0%| F|  |TAMS 0x0000000751600000, 0x0000000751600000| Untracked 
| 132|0x0000000751800000, 0x0000000751800000, 0x0000000751a00000|  0%| F|  |TAMS 0x0000000751800000, 0x0000000751800000| Untracked 
| 133|0x0000000751a00000, 0x0000000751a00000, 0x0000000751c00000|  0%| F|  |TAMS 0x0000000751a00000, 0x0000000751a00000| Untracked 
| 134|0x0000000751c00000, 0x0000000751c00000, 0x0000000751e00000|  0%| F|  |TAMS 0x0000000751c00000, 0x0000000751c00000| Untracked 
| 135|0x0000000751e00000, 0x0000000751e00000, 0x0000000752000000|  0%| F|  |TAMS 0x0000000751e00000, 0x0000000751e00000| Untracked 
| 136|0x0000000752000000, 0x0000000752000000, 0x0000000752200000|  0%| F|  |TAMS 0x0000000752000000, 0x0000000752000000| Untracked 
| 137|0x0000000752200000, 0x0000000752200000, 0x0000000752400000|  0%| F|  |TAMS 0x0000000752200000, 0x0000000752200000| Untracked 
| 138|0x0000000752400000, 0x0000000752400000, 0x0000000752600000|  0%| F|  |TAMS 0x0000000752400000, 0x0000000752400000| Untracked 
| 139|0x0000000752600000, 0x0000000752600000, 0x0000000752800000|  0%| F|  |TAMS 0x0000000752600000, 0x0000000752600000| Untracked 
| 140|0x0000000752800000, 0x0000000752800000, 0x0000000752a00000|  0%| F|  |TAMS 0x0000000752800000, 0x0000000752800000| Untracked 
| 141|0x0000000752a00000, 0x0000000752a00000, 0x0000000752c00000|  0%| F|  |TAMS 0x0000000752a00000, 0x0000000752a00000| Untracked 
| 142|0x0000000752c00000, 0x0000000752c00000, 0x0000000752e00000|  0%| F|  |TAMS 0x0000000752c00000, 0x0000000752c00000| Untracked 
| 143|0x0000000752e00000, 0x0000000752e00000, 0x0000000753000000|  0%| F|  |TAMS 0x0000000752e00000, 0x0000000752e00000| Untracked 
| 144|0x0000000753000000, 0x0000000753000000, 0x0000000753200000|  0%| F|  |TAMS 0x0000000753000000, 0x0000000753000000| Untracked 
| 145|0x0000000753200000, 0x0000000753200000, 0x0000000753400000|  0%| F|  |TAMS 0x0000000753200000, 0x0000000753200000| Untracked 
| 146|0x0000000753400000, 0x0000000753400000, 0x0000000753600000|  0%| F|  |TAMS 0x0000000753400000, 0x0000000753400000| Untracked 
| 147|0x0000000753600000, 0x0000000753600000, 0x0000000753800000|  0%| F|  |TAMS 0x0000000753600000, 0x0000000753600000| Untracked 
| 148|0x0000000753800000, 0x0000000753800000, 0x0000000753a00000|  0%| F|  |TAMS 0x0000000753800000, 0x0000000753800000| Untracked 
| 149|0x0000000753a00000, 0x0000000753a00000, 0x0000000753c00000|  0%| F|  |TAMS 0x0000000753a00000, 0x0000000753a00000| Untracked 
| 150|0x0000000753c00000, 0x0000000753c00000, 0x0000000753e00000|  0%| F|  |TAMS 0x0000000753c00000, 0x0000000753c00000| Untracked 
| 151|0x0000000753e00000, 0x0000000753e00000, 0x0000000754000000|  0%| F|  |TAMS 0x0000000753e00000, 0x0000000753e00000| Untracked 
| 152|0x0000000754000000, 0x0000000754000000, 0x0000000754200000|  0%| F|  |TAMS 0x0000000754000000, 0x0000000754000000| Untracked 
| 153|0x0000000754200000, 0x0000000754200000, 0x0000000754400000|  0%| F|  |TAMS 0x0000000754200000, 0x0000000754200000| Untracked 
| 154|0x0000000754400000, 0x0000000754400000, 0x0000000754600000|  0%| F|  |TAMS 0x0000000754400000, 0x0000000754400000| Untracked 
| 155|0x0000000754600000, 0x0000000754600000, 0x0000000754800000|  0%| F|  |TAMS 0x0000000754600000, 0x0000000754600000| Untracked 
| 156|0x0000000754800000, 0x0000000754800000, 0x0000000754a00000|  0%| F|  |TAMS 0x0000000754800000, 0x0000000754800000| Untracked 
| 157|0x0000000754a00000, 0x0000000754a00000, 0x0000000754c00000|  0%| F|  |TAMS 0x0000000754a00000, 0x0000000754a00000| Untracked 
| 158|0x0000000754c00000, 0x0000000754c00000, 0x0000000754e00000|  0%| F|  |TAMS 0x0000000754c00000, 0x0000000754c00000| Untracked 
| 159|0x0000000754e00000, 0x0000000754e00000, 0x0000000755000000|  0%| F|  |TAMS 0x0000000754e00000, 0x0000000754e00000| Untracked 
| 160|0x0000000755000000, 0x0000000755101f58, 0x0000000755200000| 50%| E|  |TAMS 0x0000000755000000, 0x0000000755000000| Complete 
| 161|0x0000000755200000, 0x0000000755400000, 0x0000000755400000|100%| E|CS|TAMS 0x0000000755200000, 0x0000000755200000| Complete 
| 162|0x0000000755400000, 0x0000000755600000, 0x0000000755600000|100%| E|CS|TAMS 0x0000000755400000, 0x0000000755400000| Complete 
| 163|0x0000000755600000, 0x0000000755800000, 0x0000000755800000|100%| E|CS|TAMS 0x0000000755600000, 0x0000000755600000| Complete 
| 164|0x0000000755800000, 0x0000000755a00000, 0x0000000755a00000|100%| E|CS|TAMS 0x0000000755800000, 0x0000000755800000| Complete 
| 165|0x0000000755a00000, 0x0000000755c00000, 0x0000000755c00000|100%| E|CS|TAMS 0x0000000755a00000, 0x0000000755a00000| Complete 
| 166|0x0000000755c00000, 0x0000000755e00000, 0x0000000755e00000|100%| E|CS|TAMS 0x0000000755c00000, 0x0000000755c00000| Complete 
| 167|0x0000000755e00000, 0x0000000756000000, 0x0000000756000000|100%| E|CS|TAMS 0x0000000755e00000, 0x0000000755e00000| Complete 
| 168|0x0000000756000000, 0x0000000756200000, 0x0000000756200000|100%| E|CS|TAMS 0x0000000756000000, 0x0000000756000000| Complete 
| 169|0x0000000756200000, 0x0000000756400000, 0x0000000756400000|100%| E|CS|TAMS 0x0000000756200000, 0x0000000756200000| Complete 
| 170|0x0000000756400000, 0x0000000756600000, 0x0000000756600000|100%| E|CS|TAMS 0x0000000756400000, 0x0000000756400000| Complete 
| 171|0x0000000756600000, 0x0000000756800000, 0x0000000756800000|100%| E|CS|TAMS 0x0000000756600000, 0x0000000756600000| Complete 
| 172|0x0000000756800000, 0x0000000756a00000, 0x0000000756a00000|100%| E|CS|TAMS 0x0000000756800000, 0x0000000756800000| Complete 
| 173|0x0000000756a00000, 0x0000000756c00000, 0x0000000756c00000|100%| E|CS|TAMS 0x0000000756a00000, 0x0000000756a00000| Complete 
| 174|0x0000000756c00000, 0x0000000756e00000, 0x0000000756e00000|100%| E|CS|TAMS 0x0000000756c00000, 0x0000000756c00000| Complete 
| 175|0x0000000756e00000, 0x0000000757000000, 0x0000000757000000|100%| E|CS|TAMS 0x0000000756e00000, 0x0000000756e00000| Complete 
| 176|0x0000000757000000, 0x0000000757200000, 0x0000000757200000|100%| E|CS|TAMS 0x0000000757000000, 0x0000000757000000| Complete 
| 177|0x0000000757200000, 0x0000000757400000, 0x0000000757400000|100%| E|CS|TAMS 0x0000000757200000, 0x0000000757200000| Complete 
| 178|0x0000000757400000, 0x0000000757600000, 0x0000000757600000|100%| E|CS|TAMS 0x0000000757400000, 0x0000000757400000| Complete 
| 179|0x0000000757600000, 0x0000000757800000, 0x0000000757800000|100%| E|CS|TAMS 0x0000000757600000, 0x0000000757600000| Complete 
| 180|0x0000000757800000, 0x0000000757a00000, 0x0000000757a00000|100%| E|CS|TAMS 0x0000000757800000, 0x0000000757800000| Complete 
| 181|0x0000000757a00000, 0x0000000757c00000, 0x0000000757c00000|100%| E|CS|TAMS 0x0000000757a00000, 0x0000000757a00000| Complete 
| 182|0x0000000757c00000, 0x0000000757e00000, 0x0000000757e00000|100%| E|CS|TAMS 0x0000000757c00000, 0x0000000757c00000| Complete 
| 183|0x0000000757e00000, 0x0000000758000000, 0x0000000758000000|100%| E|CS|TAMS 0x0000000757e00000, 0x0000000757e00000| Complete 
| 184|0x0000000758000000, 0x0000000758200000, 0x0000000758200000|100%| E|CS|TAMS 0x0000000758000000, 0x0000000758000000| Complete 
| 185|0x0000000758200000, 0x0000000758400000, 0x0000000758400000|100%| E|CS|TAMS 0x0000000758200000, 0x0000000758200000| Complete 
| 186|0x0000000758400000, 0x0000000758600000, 0x0000000758600000|100%| E|CS|TAMS 0x0000000758400000, 0x0000000758400000| Complete 
| 187|0x0000000758600000, 0x0000000758800000, 0x0000000758800000|100%| E|CS|TAMS 0x0000000758600000, 0x0000000758600000| Complete 
| 188|0x0000000758800000, 0x0000000758a00000, 0x0000000758a00000|100%| E|CS|TAMS 0x0000000758800000, 0x0000000758800000| Complete 
| 189|0x0000000758a00000, 0x0000000758c00000, 0x0000000758c00000|100%| E|CS|TAMS 0x0000000758a00000, 0x0000000758a00000| Complete 
| 190|0x0000000758c00000, 0x0000000758e00000, 0x0000000758e00000|100%| E|CS|TAMS 0x0000000758c00000, 0x0000000758c00000| Complete 
| 191|0x0000000758e00000, 0x0000000759000000, 0x0000000759000000|100%| E|CS|TAMS 0x0000000758e00000, 0x0000000758e00000| Complete 
| 192|0x0000000759000000, 0x0000000759200000, 0x0000000759200000|100%| E|CS|TAMS 0x0000000759000000, 0x0000000759000000| Complete 
| 193|0x0000000759200000, 0x0000000759400000, 0x0000000759400000|100%| E|CS|TAMS 0x0000000759200000, 0x0000000759200000| Complete 
| 194|0x0000000759400000, 0x0000000759600000, 0x0000000759600000|100%| E|CS|TAMS 0x0000000759400000, 0x0000000759400000| Complete 
| 195|0x0000000759600000, 0x0000000759800000, 0x0000000759800000|100%| E|CS|TAMS 0x0000000759600000, 0x0000000759600000| Complete 
| 196|0x0000000759800000, 0x0000000759a00000, 0x0000000759a00000|100%| E|CS|TAMS 0x0000000759800000, 0x0000000759800000| Complete 
| 197|0x0000000759a00000, 0x0000000759c00000, 0x0000000759c00000|100%| E|CS|TAMS 0x0000000759a00000, 0x0000000759a00000| Complete 
| 198|0x0000000759c00000, 0x0000000759e00000, 0x0000000759e00000|100%| E|CS|TAMS 0x0000000759c00000, 0x0000000759c00000| Complete 
| 199|0x0000000759e00000, 0x000000075a000000, 0x000000075a000000|100%| E|CS|TAMS 0x0000000759e00000, 0x0000000759e00000| Complete 
| 200|0x000000075a000000, 0x000000075a200000, 0x000000075a200000|100%| E|CS|TAMS 0x000000075a000000, 0x000000075a000000| Complete 
| 201|0x000000075a200000, 0x000000075a400000, 0x000000075a400000|100%| E|CS|TAMS 0x000000075a200000, 0x000000075a200000| Complete 
| 202|0x000000075a400000, 0x000000075a600000, 0x000000075a600000|100%| E|CS|TAMS 0x000000075a400000, 0x000000075a400000| Complete 
| 203|0x000000075a600000, 0x000000075a800000, 0x000000075a800000|100%| E|CS|TAMS 0x000000075a600000, 0x000000075a600000| Complete 
| 204|0x000000075a800000, 0x000000075aa00000, 0x000000075aa00000|100%| E|CS|TAMS 0x000000075a800000, 0x000000075a800000| Complete 
| 205|0x000000075aa00000, 0x000000075ac00000, 0x000000075ac00000|100%| E|CS|TAMS 0x000000075aa00000, 0x000000075aa00000| Complete 
| 206|0x000000075ac00000, 0x000000075ae00000, 0x000000075ae00000|100%| E|CS|TAMS 0x000000075ac00000, 0x000000075ac00000| Complete 
| 207|0x000000075ae00000, 0x000000075b000000, 0x000000075b000000|100%| E|CS|TAMS 0x000000075ae00000, 0x000000075ae00000| Complete 
| 208|0x000000075b000000, 0x000000075b200000, 0x000000075b200000|100%| E|CS|TAMS 0x000000075b000000, 0x000000075b000000| Complete 
| 209|0x000000075b200000, 0x000000075b400000, 0x000000075b400000|100%| E|CS|TAMS 0x000000075b200000, 0x000000075b200000| Complete 
| 210|0x000000075b400000, 0x000000075b600000, 0x000000075b600000|100%| E|CS|TAMS 0x000000075b400000, 0x000000075b400000| Complete 
| 211|0x000000075b600000, 0x000000075b800000, 0x000000075b800000|100%| E|CS|TAMS 0x000000075b600000, 0x000000075b600000| Complete 
| 212|0x000000075b800000, 0x000000075ba00000, 0x000000075ba00000|100%| E|CS|TAMS 0x000000075b800000, 0x000000075b800000| Complete 
| 213|0x000000075ba00000, 0x000000075bc00000, 0x000000075bc00000|100%| E|CS|TAMS 0x000000075ba00000, 0x000000075ba00000| Complete 
| 214|0x000000075bc00000, 0x000000075be00000, 0x000000075be00000|100%| E|CS|TAMS 0x000000075bc00000, 0x000000075bc00000| Complete 
| 215|0x000000075be00000, 0x000000075c000000, 0x000000075c000000|100%| E|CS|TAMS 0x000000075be00000, 0x000000075be00000| Complete 
| 216|0x000000075c000000, 0x000000075c200000, 0x000000075c200000|100%| E|CS|TAMS 0x000000075c000000, 0x000000075c000000| Complete 
| 217|0x000000075c200000, 0x000000075c400000, 0x000000075c400000|100%| E|CS|TAMS 0x000000075c200000, 0x000000075c200000| Complete 
| 218|0x000000075c400000, 0x000000075c600000, 0x000000075c600000|100%| E|CS|TAMS 0x000000075c400000, 0x000000075c400000| Complete 
| 219|0x000000075c600000, 0x000000075c800000, 0x000000075c800000|100%| E|CS|TAMS 0x000000075c600000, 0x000000075c600000| Complete 
| 220|0x000000075c800000, 0x000000075ca00000, 0x000000075ca00000|100%| E|CS|TAMS 0x000000075c800000, 0x000000075c800000| Complete 
| 221|0x000000075ca00000, 0x000000075cc00000, 0x000000075cc00000|100%| E|CS|TAMS 0x000000075ca00000, 0x000000075ca00000| Complete 
| 222|0x000000075cc00000, 0x000000075ce00000, 0x000000075ce00000|100%| E|CS|TAMS 0x000000075cc00000, 0x000000075cc00000| Complete 
| 223|0x000000075ce00000, 0x000000075d000000, 0x000000075d000000|100%| E|CS|TAMS 0x000000075ce00000, 0x000000075ce00000| Complete 
| 224|0x000000075d000000, 0x000000075d200000, 0x000000075d200000|100%| E|CS|TAMS 0x000000075d000000, 0x000000075d000000| Complete 
| 225|0x000000075d200000, 0x000000075d400000, 0x000000075d400000|100%| E|CS|TAMS 0x000000075d200000, 0x000000075d200000| Complete 
| 226|0x000000075d400000, 0x000000075d600000, 0x000000075d600000|100%| E|CS|TAMS 0x000000075d400000, 0x000000075d400000| Complete 
| 227|0x000000075d600000, 0x000000075d800000, 0x000000075d800000|100%| E|CS|TAMS 0x000000075d600000, 0x000000075d600000| Complete 
| 228|0x000000075d800000, 0x000000075da00000, 0x000000075da00000|100%| E|CS|TAMS 0x000000075d800000, 0x000000075d800000| Complete 
| 229|0x000000075da00000, 0x000000075dc00000, 0x000000075dc00000|100%| E|CS|TAMS 0x000000075da00000, 0x000000075da00000| Complete 
| 230|0x000000075dc00000, 0x000000075de00000, 0x000000075de00000|100%| E|CS|TAMS 0x000000075dc00000, 0x000000075dc00000| Complete 
| 231|0x000000075de00000, 0x000000075e000000, 0x000000075e000000|100%| E|CS|TAMS 0x000000075de00000, 0x000000075de00000| Complete 
| 232|0x000000075e000000, 0x000000075e200000, 0x000000075e200000|100%| E|CS|TAMS 0x000000075e000000, 0x000000075e000000| Complete 
| 233|0x000000075e200000, 0x000000075e400000, 0x000000075e400000|100%| E|CS|TAMS 0x000000075e200000, 0x000000075e200000| Complete 
| 234|0x000000075e400000, 0x000000075e600000, 0x000000075e600000|100%| E|CS|TAMS 0x000000075e400000, 0x000000075e400000| Complete 
| 235|0x000000075e600000, 0x000000075e800000, 0x000000075e800000|100%| E|CS|TAMS 0x000000075e600000, 0x000000075e600000| Complete 
| 236|0x000000075e800000, 0x000000075ea00000, 0x000000075ea00000|100%| E|CS|TAMS 0x000000075e800000, 0x000000075e800000| Complete 
| 237|0x000000075ea00000, 0x000000075ec00000, 0x000000075ec00000|100%| E|CS|TAMS 0x000000075ea00000, 0x000000075ea00000| Complete 
| 238|0x000000075ec00000, 0x000000075ee00000, 0x000000075ee00000|100%| E|CS|TAMS 0x000000075ec00000, 0x000000075ec00000| Complete 
| 239|0x000000075ee00000, 0x000000075f000000, 0x000000075f000000|100%| E|CS|TAMS 0x000000075ee00000, 0x000000075ee00000| Complete 

Card table byte_map: [0x0000023d73d00000,0x0000023d74300000] _byte_map_base: 0x0000023d702f8000

Marking Bits (Prev, Next): (CMBitMap*) 0x0000023d5caf89d0, (CMBitMap*) 0x0000023d5caf8990
 Prev Bits: [0x0000023d778c0000, 0x0000023d7a880000)
 Next Bits: [0x0000023d74900000, 0x0000023d778c0000)

Polling page: 0x0000023d5aaa0000

Metaspace:

Usage:
  Non-class:      8.84 MB used.
      Class:    927.37 KB used.
       Both:      9.75 MB used.

Virtual space:
  Non-class space:       64.00 MB reserved,       8.94 MB ( 14%) committed,  1 nodes.
      Class space:        1.00 GB reserved,       1.00 MB ( <1%) committed,  1 nodes.
             Both:        1.06 GB reserved,       9.94 MB ( <1%) committed. 

Chunk freelists:
   Non-Class:  2.94 MB
       Class:  3.01 MB
        Both:  5.95 MB

MaxMetaspaceSize: unlimited
CompressedClassSpaceSize: 1.00 GB
Initial GC threshold: 21.00 MB
Current GC threshold: 21.00 MB
CDS: on
MetaspaceReclaimPolicy: balanced
 - commit_granule_bytes: 65536.
 - commit_granule_words: 8192.
 - virtual_space_node_default_size: 8388608.
 - enlarge_chunks_in_place: 1.
 - new_chunks_are_fully_committed: 0.
 - uncommit_free_chunks: 1.
 - use_allocation_guard: 0.


Internal statistics:

num_allocs_failed_limit: 0.
num_arena_births: 148.
num_arena_deaths: 0.
num_vsnodes_births: 2.
num_vsnodes_deaths: 0.
num_space_committed: 159.
num_space_uncommitted: 0.
num_chunks_returned_to_freelist: 0.
num_chunks_taken_from_freelist: 207.
num_chunk_merges: 0.
num_chunk_splits: 127.
num_chunks_enlarged: 72.
num_inconsistent_stats: 0.

CodeHeap 'non-profiled nmethods': size=120000Kb used=2256Kb max_used=3062Kb free=117743Kb
 bounds [0x0000023d6bea0000, 0x0000023d6c1a0000, 0x0000023d733d0000]
CodeHeap 'profiled nmethods': size=120000Kb used=3749Kb max_used=5858Kb free=116250Kb
 bounds [0x0000023d64970000, 0x0000023d64f30000, 0x0000023d6bea0000]
CodeHeap 'non-nmethods': size=5760Kb used=1364Kb max_used=1416Kb free=4395Kb
 bounds [0x0000023d643d0000, 0x0000023d64640000, 0x0000023d64970000]
 total_blobs=2967 nmethods=2354 adapters=525
 compilation: enabled
              stopped_count=0, restarted_count=0
 full_count=0

Compilation events (20 events):
Event: 196.323 Thread 0x0000023d7d06aa60 2982 % !   4       sun.java2d.d3d.D3DScreenUpdateManager::run @ 0 (267 bytes)
Event: 196.355 Thread 0x0000023d7d06aa60 nmethod 2982% 0x0000023d6c189a90 code [0x0000023d6c189d60, 0x0000023d6c18c550]
Event: 260.611 Thread 0x0000023d7d06aa60 2985 % !   4       sun.java2d.Disposer::run @ 0 (50 bytes)
Event: 260.627 Thread 0x0000023d7d06aa60 nmethod 2985% 0x0000023d6c18e290 code [0x0000023d6c18e4e0, 0x0000023d6c18f4b0]
Event: 301.340 Thread 0x0000023d7d0769a0 2986  s    3       java.util.Properties::put (10 bytes)
Event: 301.340 Thread 0x0000023d7d0769a0 nmethod 2986 0x0000023d64f24090 code [0x0000023d64f24240, 0x0000023d64f244e8]
Event: 301.417 Thread 0x0000023d7d0769a0 2987       3       com.quickscythe.silver.game.object.entity.Entity::update (665 bytes)
Event: 301.419 Thread 0x0000023d7d0769a0 nmethod 2987 0x0000023d64f24610 code [0x0000023d64f24bc0, 0x0000023d64f27d28]
Event: 303.215 Thread 0x0000023d7d06aa60 2988       4       com.quickscythe.silver.game.object.entity.Entity::update (665 bytes)
Event: 303.501 Thread 0x0000023d7d06aa60 nmethod 2988 0x0000023d6c18fc10 code [0x0000023d6c1906c0, 0x0000023d6c199190]
Event: 304.292 Thread 0x0000023d7d0769a0 2989       3       java.util.concurrent.ConcurrentHashMap$BaseIterator::<init> (21 bytes)
Event: 304.292 Thread 0x0000023d7d0769a0 nmethod 2989 0x0000023d64976110 code [0x0000023d649762c0, 0x0000023d649764d8]
Event: 304.292 Thread 0x0000023d7d0769a0 2990       3       java.util.concurrent.ConcurrentHashMap$Traverser::<init> (36 bytes)
Event: 304.292 Thread 0x0000023d7d0769a0 nmethod 2990 0x0000023d6499dc10 code [0x0000023d6499dda0, 0x0000023d6499dfb8]
Event: 304.294 Thread 0x0000023d7d0769a0 2991       3       sun.java2d.d3d.D3DSurfaceData::setSurfaceLost (29 bytes)
Event: 304.294 Thread 0x0000023d7d0769a0 nmethod 2991 0x0000023d649ae890 code [0x0000023d649aea60, 0x0000023d649aedf8]
Event: 304.294 Thread 0x0000023d7d0769a0 2992       3       sun.java2d.SurfaceData::setSurfaceLost (13 bytes)
Event: 304.294 Thread 0x0000023d7d0769a0 nmethod 2992 0x0000023d649aaa90 code [0x0000023d649aac20, 0x0000023d649aadd8]
Event: 304.294 Thread 0x0000023d7d0769a0 2993       3       sun.awt.image.VolatileSurfaceManager::acceleratedSurfaceLost (24 bytes)
Event: 304.294 Thread 0x0000023d7d0769a0 nmethod 2993 0x0000023d649ffb90 code [0x0000023d649ffd20, 0x0000023d649ffed8]

GC Heap History (20 events):
Event: 295.261 GC heap before
{Heap before GC invocations=366 (full 0):
 garbage-first heap   total 491520K, used 438229K [0x0000000741000000, 0x0000000800000000)
  region size 2048K, 123 young (251904K), 1 survivors (2048K)
 Metaspace       used 9977K, committed 10176K, reserved 1114112K
  class space    used 927K, committed 1024K, reserved 1048576K
}
Event: 295.262 GC heap after
{Heap after GC invocations=367 (full 0):
 garbage-first heap   total 491520K, used 188371K [0x0000000741000000, 0x0000000800000000)
  region size 2048K, 1 young (2048K), 1 survivors (2048K)
 Metaspace       used 9977K, committed 10176K, reserved 1114112K
  class space    used 927K, committed 1024K, reserved 1048576K
}
Event: 296.181 GC heap before
{Heap before GC invocations=367 (full 0):
 garbage-first heap   total 491520K, used 438227K [0x0000000741000000, 0x0000000800000000)
  region size 2048K, 123 young (251904K), 1 survivors (2048K)
 Metaspace       used 9977K, committed 10176K, reserved 1114112K
  class space    used 927K, committed 1024K, reserved 1048576K
}
Event: 296.181 GC heap after
{Heap after GC invocations=368 (full 0):
 garbage-first heap   total 491520K, used 188374K [0x0000000741000000, 0x0000000800000000)
  region size 2048K, 1 young (2048K), 1 survivors (2048K)
 Metaspace       used 9977K, committed 10176K, reserved 1114112K
  class space    used 927K, committed 1024K, reserved 1048576K
}
Event: 297.116 GC heap before
{Heap before GC invocations=368 (full 0):
 garbage-first heap   total 491520K, used 438230K [0x0000000741000000, 0x0000000800000000)
  region size 2048K, 123 young (251904K), 1 survivors (2048K)
 Metaspace       used 9977K, committed 10176K, reserved 1114112K
  class space    used 927K, committed 1024K, reserved 1048576K
}
Event: 297.117 GC heap after
{Heap after GC invocations=369 (full 0):
 garbage-first heap   total 491520K, used 188370K [0x0000000741000000, 0x0000000800000000)
  region size 2048K, 1 young (2048K), 1 survivors (2048K)
 Metaspace       used 9977K, committed 10176K, reserved 1114112K
  class space    used 927K, committed 1024K, reserved 1048576K
}
Event: 298.194 GC heap before
{Heap before GC invocations=369 (full 0):
 garbage-first heap   total 491520K, used 438226K [0x0000000741000000, 0x0000000800000000)
  region size 2048K, 123 young (251904K), 1 survivors (2048K)
 Metaspace       used 9977K, committed 10176K, reserved 1114112K
  class space    used 927K, committed 1024K, reserved 1048576K
}
Event: 298.195 GC heap after
{Heap after GC invocations=370 (full 0):
 garbage-first heap   total 491520K, used 188374K [0x0000000741000000, 0x0000000800000000)
  region size 2048K, 1 young (2048K), 1 survivors (2048K)
 Metaspace       used 9977K, committed 10176K, reserved 1114112K
  class space    used 927K, committed 1024K, reserved 1048576K
}
Event: 299.308 GC heap before
{Heap before GC invocations=370 (full 0):
 garbage-first heap   total 491520K, used 438230K [0x0000000741000000, 0x0000000800000000)
  region size 2048K, 123 young (251904K), 1 survivors (2048K)
 Metaspace       used 9977K, committed 10176K, reserved 1114112K
  class space    used 927K, committed 1024K, reserved 1048576K
}
Event: 299.309 GC heap after
{Heap after GC invocations=371 (full 0):
 garbage-first heap   total 491520K, used 188378K [0x0000000741000000, 0x0000000800000000)
  region size 2048K, 1 young (2048K), 1 survivors (2048K)
 Metaspace       used 9977K, committed 10176K, reserved 1114112K
  class space    used 927K, committed 1024K, reserved 1048576K
}
Event: 300.201 GC heap before
{Heap before GC invocations=371 (full 0):
 garbage-first heap   total 491520K, used 438234K [0x0000000741000000, 0x0000000800000000)
  region size 2048K, 123 young (251904K), 1 survivors (2048K)
 Metaspace       used 9977K, committed 10176K, reserved 1114112K
  class space    used 927K, committed 1024K, reserved 1048576K
}
Event: 300.202 GC heap after
{Heap after GC invocations=372 (full 0):
 garbage-first heap   total 491520K, used 188366K [0x0000000741000000, 0x0000000800000000)
  region size 2048K, 1 young (2048K), 1 survivors (2048K)
 Metaspace       used 9977K, committed 10176K, reserved 1114112K
  class space    used 927K, committed 1024K, reserved 1048576K
}
Event: 301.075 GC heap before
{Heap before GC invocations=372 (full 0):
 garbage-first heap   total 491520K, used 438222K [0x0000000741000000, 0x0000000800000000)
  region size 2048K, 123 young (251904K), 1 survivors (2048K)
 Metaspace       used 9977K, committed 10176K, reserved 1114112K
  class space    used 927K, committed 1024K, reserved 1048576K
}
Event: 301.075 GC heap after
{Heap after GC invocations=373 (full 0):
 garbage-first heap   total 491520K, used 188373K [0x0000000741000000, 0x0000000800000000)
  region size 2048K, 1 young (2048K), 1 survivors (2048K)
 Metaspace       used 9977K, committed 10176K, reserved 1114112K
  class space    used 927K, committed 1024K, reserved 1048576K
}
Event: 301.951 GC heap before
{Heap before GC invocations=373 (full 0):
 garbage-first heap   total 491520K, used 438229K [0x0000000741000000, 0x0000000800000000)
  region size 2048K, 123 young (251904K), 1 survivors (2048K)
 Metaspace       used 9977K, committed 10176K, reserved 1114112K
  class space    used 927K, committed 1024K, reserved 1048576K
}
Event: 301.952 GC heap after
{Heap after GC invocations=374 (full 0):
 garbage-first heap   total 491520K, used 188370K [0x0000000741000000, 0x0000000800000000)
  region size 2048K, 1 young (2048K), 1 survivors (2048K)
 Metaspace       used 9977K, committed 10176K, reserved 1114112K
  class space    used 927K, committed 1024K, reserved 1048576K
}
Event: 302.826 GC heap before
{Heap before GC invocations=374 (full 0):
 garbage-first heap   total 491520K, used 438226K [0x0000000741000000, 0x0000000800000000)
  region size 2048K, 123 young (251904K), 1 survivors (2048K)
 Metaspace       used 9977K, committed 10176K, reserved 1114112K
  class space    used 927K, committed 1024K, reserved 1048576K
}
Event: 302.826 GC heap after
{Heap after GC invocations=375 (full 0):
 garbage-first heap   total 491520K, used 188370K [0x0000000741000000, 0x0000000800000000)
  region size 2048K, 1 young (2048K), 1 survivors (2048K)
 Metaspace       used 9977K, committed 10176K, reserved 1114112K
  class space    used 927K, committed 1024K, reserved 1048576K
}
Event: 303.709 GC heap before
{Heap before GC invocations=375 (full 0):
 garbage-first heap   total 491520K, used 438226K [0x0000000741000000, 0x0000000800000000)
  region size 2048K, 123 young (251904K), 1 survivors (2048K)
 Metaspace       used 9977K, committed 10176K, reserved 1114112K
  class space    used 927K, committed 1024K, reserved 1048576K
}
Event: 303.710 GC heap after
{Heap after GC invocations=376 (full 0):
 garbage-first heap   total 491520K, used 188399K [0x0000000741000000, 0x0000000800000000)
  region size 2048K, 1 young (2048K), 1 survivors (2048K)
 Metaspace       used 9977K, committed 10176K, reserved 1114112K
  class space    used 927K, committed 1024K, reserved 1048576K
}

Deoptimization events (20 events):
Event: 304.272 Thread 0x0000023d7d58bbc0 DEOPT PACKING pc=0x0000023d6c1910c8 sp=0x00000040f0dfef10
Event: 304.272 Thread 0x0000023d7d58bbc0 DEOPT UNPACKING pc=0x0000023d64422b43 sp=0x00000040f0dfe2e8 mode 1
Event: 304.272 Thread 0x0000023d7d58bbc0 DEOPT PACKING pc=0x0000023d6c139234 sp=0x00000040f0dfef00
Event: 304.273 Thread 0x0000023d7d58bbc0 DEOPT UNPACKING pc=0x0000023d64422b43 sp=0x00000040f0dfe2d8 mode 1
Event: 304.273 Thread 0x0000023d7d58bbc0 DEOPT PACKING pc=0x0000023d6c16fe30 sp=0x00000040f0dfef00
Event: 304.273 Thread 0x0000023d7d58bbc0 DEOPT UNPACKING pc=0x0000023d64422b43 sp=0x00000040f0dfe2d8 mode 1
Event: 304.273 Thread 0x0000023d7d58bbc0 DEOPT PACKING pc=0x0000023d6c1722b0 sp=0x00000040f0dfef00
Event: 304.273 Thread 0x0000023d7d58bbc0 DEOPT UNPACKING pc=0x0000023d64422b43 sp=0x00000040f0dfe2d8 mode 1
Event: 304.273 Thread 0x0000023d7d58bbc0 DEOPT PACKING pc=0x0000023d6c172c34 sp=0x00000040f0dfef00
Event: 304.273 Thread 0x0000023d7d58bbc0 DEOPT UNPACKING pc=0x0000023d64422b43 sp=0x00000040f0dfe2d8 mode 1
Event: 304.273 Thread 0x0000023d7d58bbc0 DEOPT PACKING pc=0x0000023d6c139234 sp=0x00000040f0dfef00
Event: 304.273 Thread 0x0000023d7d58bbc0 DEOPT UNPACKING pc=0x0000023d64422b43 sp=0x00000040f0dfe2d8 mode 1
Event: 304.273 Thread 0x0000023d7d58bbc0 DEOPT PACKING pc=0x0000023d6c139234 sp=0x00000040f0dfef00
Event: 304.273 Thread 0x0000023d7d58bbc0 DEOPT UNPACKING pc=0x0000023d64422b43 sp=0x00000040f0dfe2d8 mode 1
Event: 304.273 Thread 0x0000023d7d58bbc0 DEOPT PACKING pc=0x0000023d6c16fe30 sp=0x00000040f0dfef00
Event: 304.273 Thread 0x0000023d7d58bbc0 DEOPT UNPACKING pc=0x0000023d64422b43 sp=0x00000040f0dfe2d8 mode 1
Event: 304.273 Thread 0x0000023d7d58bbc0 DEOPT PACKING pc=0x0000023d6c1722b0 sp=0x00000040f0dfef00
Event: 304.273 Thread 0x0000023d7d58bbc0 DEOPT UNPACKING pc=0x0000023d64422b43 sp=0x00000040f0dfe2d8 mode 1
Event: 304.273 Thread 0x0000023d7d58bbc0 DEOPT PACKING pc=0x0000023d6c172c34 sp=0x00000040f0dfef00
Event: 304.273 Thread 0x0000023d7d58bbc0 DEOPT UNPACKING pc=0x0000023d64422b43 sp=0x00000040f0dfe2d8 mode 1

Classes loaded (20 events):
Event: 4.965 Loading class sun/nio/ch/FileChannelImpl$Closer
Event: 4.965 Loading class sun/nio/ch/FileChannelImpl$Closer done
Event: 4.965 Loading class java/nio/file/StandardCopyOption
Event: 4.966 Loading class java/nio/file/StandardCopyOption done
Event: 4.966 Loading class java/nio/channels/Channels
Event: 4.966 Loading class java/nio/channels/Channels done
Event: 4.966 Loading class sun/nio/ch/ChannelOutputStream
Event: 4.966 Loading class sun/nio/ch/ChannelOutputStream done
Event: 4.966 Loading class java/nio/channels/SelectableChannel
Event: 4.966 Loading class java/nio/channels/SelectableChannel done
Event: 4.970 Loading class com/studiohartman/jamepad/ControllerButton
Event: 4.970 Loading class com/studiohartman/jamepad/ControllerButton done
Event: 4.970 Loading class com/studiohartman/jamepad/ControllerState
Event: 4.970 Loading class com/studiohartman/jamepad/ControllerState done
Event: 6.108 Loading class com/quickscythe/titanium/game/object/entity/Entity$1
Event: 6.108 Loading class com/quickscythe/titanium/game/object/entity/Entity$1 done
Event: 28.988 Loading class sun/awt/windows/WComponentPeer$1
Event: 28.988 Loading class sun/awt/windows/WComponentPeer$1 done
Event: 29.827 Loading class java/security/DomainCombiner
Event: 29.827 Loading class java/security/DomainCombiner done

Classes unloaded (0 events):
No events

Classes redefined (0 events):
No events

Internal exceptions (20 events):
Event: 5.373 Thread 0x0000023d7d58bbc0 Exception <a 'java/lang/ArrayIndexOutOfBoundsException'{0x000000075726c570}> (0x000000075726c570) 
thrown [s\open\src\hotspot\share\runtime\sharedRuntime.cpp, line 625]
Event: 5.373 Thread 0x0000023d7d58bbc0 Exception <a 'java/lang/ArrayIndexOutOfBoundsException'{0x000000075727d150}> (0x000000075727d150) 
thrown [s\open\src\hotspot\share\runtime\sharedRuntime.cpp, line 625]
Event: 5.373 Thread 0x0000023d7d58bbc0 Exception <a 'java/lang/ArrayIndexOutOfBoundsException'{0x000000075727e2d0}> (0x000000075727e2d0) 
thrown [s\open\src\hotspot\share\runtime\sharedRuntime.cpp, line 625]
Event: 5.373 Thread 0x0000023d7d58bbc0 Exception <a 'java/lang/ArrayIndexOutOfBoundsException'{0x000000075728eeb0}> (0x000000075728eeb0) 
thrown [s\open\src\hotspot\share\runtime\sharedRuntime.cpp, line 625]
Event: 5.374 Thread 0x0000023d7d58bbc0 Exception <a 'java/lang/ArrayIndexOutOfBoundsException'{0x0000000757290030}> (0x0000000757290030) 
thrown [s\open\src\hotspot\share\runtime\sharedRuntime.cpp, line 625]
Event: 5.374 Thread 0x0000023d7d58bbc0 Exception <a 'java/lang/ArrayIndexOutOfBoundsException'{0x00000007572a0790}> (0x00000007572a0790) 
thrown [s\open\src\hotspot\share\runtime\sharedRuntime.cpp, line 625]
Event: 5.374 Thread 0x0000023d7d58bbc0 Exception <a 'java/lang/ArrayIndexOutOfBoundsException'{0x00000007572a1910}> (0x00000007572a1910) 
thrown [s\open\src\hotspot\share\runtime\sharedRuntime.cpp, line 625]
Event: 5.374 Thread 0x0000023d7d58bbc0 Exception <a 'java/lang/ArrayIndexOutOfBoundsException'{0x00000007573968c8}> (0x00000007573968c8) 
thrown [s\open\src\hotspot\share\runtime\sharedRuntime.cpp, line 625]
Event: 5.374 Thread 0x0000023d7d58bbc0 Exception <a 'java/lang/ArrayIndexOutOfBoundsException'{0x0000000757397a48}> (0x0000000757397a48) 
thrown [s\open\src\hotspot\share\runtime\sharedRuntime.cpp, line 625]
Event: 5.374 Thread 0x0000023d7d58bbc0 Exception <a 'java/lang/ArrayIndexOutOfBoundsException'{0x00000007573a8628}> (0x00000007573a8628) 
thrown [s\open\src\hotspot\share\runtime\sharedRuntime.cpp, line 625]
Event: 5.374 Thread 0x0000023d7d58bbc0 Exception <a 'java/lang/ArrayIndexOutOfBoundsException'{0x00000007573a97a8}> (0x00000007573a97a8) 
thrown [s\open\src\hotspot\share\runtime\sharedRuntime.cpp, line 625]
Event: 5.374 Thread 0x0000023d7d58bbc0 Exception <a 'java/lang/ArrayIndexOutOfBoundsException'{0x00000007573b9f08}> (0x00000007573b9f08) 
thrown [s\open\src\hotspot\share\runtime\sharedRuntime.cpp, line 625]
Event: 5.375 Thread 0x0000023d7d58bbc0 Exception <a 'java/lang/ArrayIndexOutOfBoundsException'{0x00000007573bb088}> (0x00000007573bb088) 
thrown [s\open\src\hotspot\share\runtime\sharedRuntime.cpp, line 625]
Event: 5.375 Thread 0x0000023d7d58bbc0 Exception <a 'java/lang/ArrayIndexOutOfBoundsException'{0x00000007573cb7e8}> (0x00000007573cb7e8) 
thrown [s\open\src\hotspot\share\runtime\sharedRuntime.cpp, line 625]
Event: 5.375 Thread 0x0000023d7d58bbc0 Exception <a 'java/lang/ArrayIndexOutOfBoundsException'{0x00000007573cc968}> (0x00000007573cc968) 
thrown [s\open\src\hotspot\share\runtime\sharedRuntime.cpp, line 625]
Event: 5.375 Thread 0x0000023d7d58bbc0 Exception <a 'java/lang/ArrayIndexOutOfBoundsException'{0x00000007573dd848}> (0x00000007573dd848) 
thrown [s\open\src\hotspot\share\runtime\sharedRuntime.cpp, line 625]
Event: 5.375 Thread 0x0000023d7d58bbc0 Exception <a 'java/lang/ArrayIndexOutOfBoundsException'{0x00000007573de9c8}> (0x00000007573de9c8) 
thrown [s\open\src\hotspot\share\runtime\sharedRuntime.cpp, line 625]
Event: 5.375 Thread 0x0000023d7d58bbc0 Exception <a 'java/lang/ArrayIndexOutOfBoundsException'{0x00000007573ef128}> (0x00000007573ef128) 
thrown [s\open\src\hotspot\share\runtime\sharedRuntime.cpp, line 625]
Event: 5.375 Thread 0x0000023d7d58bbc0 Exception <a 'java/lang/ArrayIndexOutOfBoundsException'{0x00000007573f02a8}> (0x00000007573f02a8) 
thrown [s\open\src\hotspot\share\runtime\sharedRuntime.cpp, line 625]
Event: 5.588 Thread 0x0000023d7d58bbc0 Implicit null exception at 0x0000023d6bfbed35 to 0x0000023d6bfc11c8

VM Operations (20 events):
Event: 301.075 Executing VM operation: G1CollectForAllocation
Event: 301.075 Executing VM operation: G1CollectForAllocation done
Event: 301.339 Executing VM operation: ChangeBreakpoints
Event: 301.339 Executing VM operation: ChangeBreakpoints done
Event: 301.340 Executing VM operation: ChangeBreakpoints
Event: 301.340 Executing VM operation: ChangeBreakpoints done
Event: 301.340 Executing VM operation: ChangeBreakpoints
Event: 301.340 Executing VM operation: ChangeBreakpoints done
Event: 301.376 Executing VM operation: HandshakeAllThreads
Event: 301.376 Executing VM operation: HandshakeAllThreads done
Event: 301.951 Executing VM operation: G1CollectForAllocation
Event: 301.952 Executing VM operation: G1CollectForAllocation done
Event: 302.826 Executing VM operation: G1CollectForAllocation
Event: 302.826 Executing VM operation: G1CollectForAllocation done
Event: 303.501 Executing VM operation: HandshakeAllThreads
Event: 303.501 Executing VM operation: HandshakeAllThreads done
Event: 303.709 Executing VM operation: G1CollectForAllocation
Event: 303.710 Executing VM operation: G1CollectForAllocation done
Event: 304.214 Executing VM operation: HandshakeAllThreads
Event: 304.214 Executing VM operation: HandshakeAllThreads done

Events (20 events):
Event: 304.218 Thread 0x0000023d7d08e430 flushing nmethod 0x0000023d64e48c10
Event: 304.218 Thread 0x0000023d7d08e430 flushing nmethod 0x0000023d64e49010
Event: 304.218 Thread 0x0000023d7d08e430 flushing nmethod 0x0000023d64e58990
Event: 304.218 Thread 0x0000023d7d08e430 flushing nmethod 0x0000023d64e5cc90
Event: 304.218 Thread 0x0000023d7d08e430 flushing nmethod 0x0000023d64e90110
Event: 304.218 Thread 0x0000023d7d08e430 flushing nmethod 0x0000023d64e91110
Event: 304.218 Thread 0x0000023d7d08e430 flushing nmethod 0x0000023d64eaa210
Event: 304.218 Thread 0x0000023d7d08e430 flushing nmethod 0x0000023d64ead010
Event: 304.218 Thread 0x0000023d7d08e430 flushing nmethod 0x0000023d64eaf410
Event: 304.219 Thread 0x0000023d7d08e430 flushing nmethod 0x0000023d64f0fd90
Event: 304.219 Thread 0x0000023d7d08e430 flushing nmethod 0x0000023d64f10490
Event: 304.219 Thread 0x0000023d7d08e430 flushing nmethod 0x0000023d64f14790
Event: 304.219 Thread 0x0000023d7d08e430 flushing nmethod 0x0000023d64f15810
Event: 304.219 Thread 0x0000023d7d08e430 flushing nmethod 0x0000023d64f16810
Event: 304.219 Thread 0x0000023d7d08e430 flushing nmethod 0x0000023d64f1a710
Event: 304.219 Thread 0x0000023d7d08e430 flushing nmethod 0x0000023d64f22690
Event: 304.291 Thread 0x0000023d7f0678a0 Thread added: 0x0000023d7f0678a0
Event: 304.291 Thread 0x0000023d7f069f20 Thread added: 0x0000023d7f069f20
Event: 304.292 Thread 0x0000023d7f638270 Thread exited: 0x0000023d7f638270
Event: 304.292 Thread 0x0000023d7f0678a0 Thread exited: 0x0000023d7f0678a0


Dynamic libraries:
0x00007ff734240000 - 0x00007ff734250000 	C:\Program Files\Java\jdk-18.0.1\bin\java.exe
0x00007ffc68b70000 - 0x00007ffc68d68000 	C:\WINDOWS\SYSTEM32\ntdll.dll
0x00007ffc66f30000 - 0x00007ffc66fed000 	C:\WINDOWS\System32\KERNEL32.DLL
0x00007ffc665d0000 - 0x00007ffc668c6000 	C:\WINDOWS\System32\KERNELBASE.dll
0x00007ffc664d0000 - 0x00007ffc665d0000 	C:\WINDOWS\System32\ucrtbase.dll
0x00007ffc47f30000 - 0x00007ffc47f4a000 	C:\Program Files\Java\jdk-18.0.1\bin\VCRUNTIME140.dll
0x00007ffc47f50000 - 0x00007ffc47f68000 	C:\Program Files\Java\jdk-18.0.1\bin\jli.dll
0x00007ffc67420000 - 0x00007ffc674d3000 	C:\WINDOWS\System32\ADVAPI32.dll
0x00007ffc66c20000 - 0x00007ffc66cbe000 	C:\WINDOWS\System32\msvcrt.dll
0x00007ffc670a0000 - 0x00007ffc6713f000 	C:\WINDOWS\System32\sechost.dll
0x00007ffc67210000 - 0x00007ffc67336000 	C:\WINDOWS\System32\RPCRT4.dll
0x00007ffc66380000 - 0x00007ffc663a7000 	C:\WINDOWS\System32\bcrypt.dll
0x00007ffc66d90000 - 0x00007ffc66f2e000 	C:\WINDOWS\System32\USER32.dll
0x00007ffc662b0000 - 0x00007ffc662d2000 	C:\WINDOWS\System32\win32u.dll
0x00007ffc674e0000 - 0x00007ffc6750c000 	C:\WINDOWS\System32\GDI32.dll
0x00007ffc4f6a0000 - 0x00007ffc4f93a000 	C:\WINDOWS\WinSxS\amd64_microsoft.windows.common-controls_6595b64144ccf1df_6.0.19041.3636_none_60b6a03d71f818d5\COMCTL32.dll
0x00007ffc663b0000 - 0x00007ffc664ca000 	C:\WINDOWS\System32\gdi32full.dll
0x00007ffc662e0000 - 0x00007ffc6637d000 	C:\WINDOWS\System32\msvcp_win.dll
0x00007ffc5d790000 - 0x00007ffc5d79a000 	C:\WINDOWS\SYSTEM32\VERSION.dll
0x00007ffc66d50000 - 0x00007ffc66d80000 	C:\WINDOWS\System32\IMM32.DLL
0x00007ffc505e0000 - 0x00007ffc505ec000 	C:\Program Files\Java\jdk-18.0.1\bin\vcruntime140_1.dll
0x00007ffc41660000 - 0x00007ffc416ed000 	C:\Program Files\Java\jdk-18.0.1\bin\msvcp140.dll
0x00007ffc1f470000 - 0x00007ffc20080000 	C:\Program Files\Java\jdk-18.0.1\bin\server\jvm.dll
0x00007ffc68090000 - 0x00007ffc68098000 	C:\WINDOWS\System32\PSAPI.DLL
0x00007ffc50500000 - 0x00007ffc50509000 	C:\WINDOWS\SYSTEM32\WSOCK32.dll
0x00007ffc680a0000 - 0x00007ffc6810b000 	C:\WINDOWS\System32\WS2_32.dll
0x00007ffc5a6e0000 - 0x00007ffc5a707000 	C:\WINDOWS\SYSTEM32\WINMM.dll
0x00007ffc64110000 - 0x00007ffc64122000 	C:\WINDOWS\SYSTEM32\kernel.appcore.dll
0x00007ffc49ab0000 - 0x00007ffc49aba000 	C:\Program Files\Java\jdk-18.0.1\bin\jimage.dll
0x00007ffc5e6f0000 - 0x00007ffc5e8d4000 	C:\WINDOWS\SYSTEM32\DBGHELP.DLL
0x00007ffc471c0000 - 0x00007ffc471f4000 	C:\WINDOWS\SYSTEM32\dbgcore.DLL
0x00007ffc66920000 - 0x00007ffc669a2000 	C:\WINDOWS\System32\bcryptPrimitives.dll
0x00007ffc544b0000 - 0x00007ffc544eb000 	C:\Program Files\Java\jdk-18.0.1\bin\jdwp.dll
0x00007ffc62b50000 - 0x00007ffc62b5e000 	C:\Program Files\Java\jdk-18.0.1\bin\instrument.dll
0x00007ffc41390000 - 0x00007ffc413b5000 	C:\Program Files\Java\jdk-18.0.1\bin\java.dll
0x00007ffc451c0000 - 0x00007ffc451d8000 	C:\Program Files\Java\jdk-18.0.1\bin\zip.dll
0x00007ffc413f0000 - 0x00007ffc414c6000 	C:\Program Files\Java\jdk-18.0.1\bin\jsvml.dll
0x00007ffc68190000 - 0x00007ffc688d5000 	C:\WINDOWS\System32\SHELL32.dll
0x00007ffc64310000 - 0x00007ffc64aab000 	C:\WINDOWS\SYSTEM32\windows.storage.dll
0x00007ffc67600000 - 0x00007ffc67954000 	C:\WINDOWS\System32\combase.dll
0x00007ffc65c70000 - 0x00007ffc65c9d000 	C:\WINDOWS\SYSTEM32\Wldp.dll
0x00007ffc67fe0000 - 0x00007ffc6808d000 	C:\WINDOWS\System32\SHCORE.dll
0x00007ffc68130000 - 0x00007ffc68185000 	C:\WINDOWS\System32\shlwapi.dll
0x00007ffc66170000 - 0x00007ffc66195000 	C:\WINDOWS\SYSTEM32\profapi.dll
0x00007ffc62b20000 - 0x00007ffc62b2c000 	C:\Program Files\Java\jdk-18.0.1\bin\dt_socket.dll
0x00007ffc65670000 - 0x00007ffc656ab000 	C:\WINDOWS\SYSTEM32\IPHLPAPI.DLL
0x00007ffc659d0000 - 0x00007ffc65a3a000 	C:\WINDOWS\system32\mswsock.dll
0x00007ffc459a0000 - 0x00007ffc459b3000 	C:\Program Files\Java\jdk-18.0.1\bin\net.dll
0x00007ffc5dc80000 - 0x00007ffc5dd8a000 	C:\WINDOWS\SYSTEM32\WINHTTP.dll
0x00007ffc45240000 - 0x00007ffc45256000 	C:\Program Files\Java\jdk-18.0.1\bin\nio.dll
0x00007ffc34460000 - 0x00007ffc345ef000 	C:\Program Files\Java\jdk-18.0.1\bin\awt.dll
0x00007ffc67140000 - 0x00007ffc6720d000 	C:\WINDOWS\System32\OLEAUT32.dll
0x00007ffc63a60000 - 0x00007ffc63af0000 	C:\WINDOWS\SYSTEM32\apphelp.dll
0x00007ffc63f30000 - 0x00007ffc63f5f000 	C:\WINDOWS\system32\DWMAPI.DLL
0x00007ffc63b50000 - 0x00007ffc63bee000 	C:\WINDOWS\system32\uxtheme.dll
0x00007ffc10610000 - 0x00007ffc10735000 	C:\WINDOWS\system32\opengl32.dll
0x00007ffc105e0000 - 0x00007ffc1060c000 	C:\WINDOWS\SYSTEM32\GLU32.dll
0x00007ffc68a10000 - 0x00007ffc68b24000 	C:\WINDOWS\System32\MSCTF.dll
0x00007ffc688e0000 - 0x00007ffc68a0b000 	C:\WINDOWS\System32\ole32.dll
0x00007ffc4a7b0000 - 0x00007ffc4a97d000 	C:\WINDOWS\system32\d3d9.dll
0x00007ffc5a710000 - 0x00007ffc5a8cb000 	C:\WINDOWS\System32\DriverStore\FileRepository\u0390451.inf_amd64_39377efdd62734d1\B390182\aticfx64.dll
0x00007ffc22290000 - 0x00007ffc222c4000 	C:\WINDOWS\System32\DriverStore\FileRepository\u0390451.inf_amd64_39377efdd62734d1\B390182\atiu9p64.dll
0x00007ffc13710000 - 0x00007ffc14465000 	C:\WINDOWS\System32\DriverStore\FileRepository\u0390451.inf_amd64_39377efdd62734d1\B390182\atiumd64.dll
0x000000006c4b0000 - 0x000000006d3d7000 	C:\WINDOWS\System32\DriverStore\FileRepository\u0390451.inf_amd64_39377efdd62734d1\B390182\atiumd6a.dll
0x00007ffc679c0000 - 0x00007ffc67e2e000 	C:\WINDOWS\System32\SETUPAPI.dll
0x00007ffc668d0000 - 0x00007ffc6691e000 	C:\WINDOWS\System32\cfgmgr32.dll
0x00007ffc65790000 - 0x00007ffc657db000 	C:\WINDOWS\SYSTEM32\POWRPROF.dll
0x00007ffc65650000 - 0x00007ffc65662000 	C:\WINDOWS\SYSTEM32\UMPDC.dll
0x00007ffc56c30000 - 0x00007ffc56c65000 	C:\WINDOWS\SYSTEM32\amdihk64.dll
0x00007ffc5ab80000 - 0x00007ffc5abbb000 	C:\WINDOWS\SYSTEM32\dxcore.dll
0x00007ffc48aa0000 - 0x00007ffc48b29000 	C:\Program Files\Java\jdk-18.0.1\bin\freetype.dll
0x00007ffc414d0000 - 0x00007ffc41578000 	C:\Program Files\Java\jdk-18.0.1\bin\fontmanager.dll
0x00007ffc5aa80000 - 0x00007ffc5ab79000 	C:\WINDOWS\SYSTEM32\textinputframework.dll
0x00007ffc63790000 - 0x00007ffc63882000 	C:\WINDOWS\System32\CoreMessaging.dll
0x00007ffc63430000 - 0x00007ffc6378b000 	C:\WINDOWS\System32\CoreUIComponents.dll
0x00007ffc653b0000 - 0x00007ffc653e3000 	C:\WINDOWS\SYSTEM32\ntmarta.dll
0x00007ffc62c00000 - 0x00007ffc62d55000 	C:\WINDOWS\SYSTEM32\wintypes.dll
0x000000006bb40000 - 0x000000006bc7a000 	C:\Users\Camer\AppData\Local\Temp\jnigen\1044091258\sdl2gdx64.dll
0x00007ffc64ab0000 - 0x00007ffc64abd000 	C:\WINDOWS\SYSTEM32\hid.dll
0x00007ffc65ff0000 - 0x00007ffc66023000 	C:\WINDOWS\SYSTEM32\DEVOBJ.dll
0x00007ffc66240000 - 0x00007ffc662a7000 	C:\WINDOWS\System32\WINTRUST.dll
0x00007ffc66a60000 - 0x00007ffc66bbd000 	C:\WINDOWS\System32\CRYPT32.dll
0x00007ffc65e00000 - 0x00007ffc65e12000 	C:\WINDOWS\SYSTEM32\MSASN1.dll
0x00007ffc66ff0000 - 0x00007ffc67099000 	C:\WINDOWS\System32\clbcatq.dll
0x00007ffc48fb0000 - 0x00007ffc48ff5000 	C:\Windows\System32\dinput8.dll
0x00007ffc5a920000 - 0x00007ffc5aa72000 	C:\WINDOWS\SYSTEM32\inputhost.dll
0x00007ffc61690000 - 0x00007ffc61786000 	C:\WINDOWS\SYSTEM32\PROPSYS.dll
0x00007ffc5c180000 - 0x00007ffc5c191000 	C:\WINDOWS\SYSTEM32\XInput1_4.dll
0x00007ffc65bc0000 - 0x00007ffc65bd8000 	C:\WINDOWS\SYSTEM32\CRYPTSP.dll
0x00007ffc65290000 - 0x00007ffc652c4000 	C:\WINDOWS\system32\rsaenh.dll
0x00007ffc660f0000 - 0x00007ffc6611e000 	C:\WINDOWS\SYSTEM32\USERENV.dll
0x00007ffc65be0000 - 0x00007ffc65bec000 	C:\WINDOWS\SYSTEM32\CRYPTBASE.dll
0x00007ffc66d80000 - 0x00007ffc66d88000 	C:\WINDOWS\System32\NSI.dll
0x00007ffc5e660000 - 0x00007ffc5e677000 	C:\WINDOWS\SYSTEM32\dhcpcsvc6.DLL
0x00007ffc5f810000 - 0x00007ffc5f82d000 	C:\WINDOWS\SYSTEM32\dhcpcsvc.DLL
0x00007ffc656b0000 - 0x00007ffc6577a000 	C:\WINDOWS\SYSTEM32\DNSAPI.dll

dbghelp: loaded successfully - version: 4.0.5 - missing functions: none
symbol engine: initialized successfully - sym options: 0x614 - pdb path: .;C:\Program Files\Java\jdk-18.0.1\bin;C:\WINDOWS\SYSTEM32;C:\WINDOWS\WinSxS\amd64_microsoft.windows.common-controls_6595b64144ccf1df_6.0.19041.3636_none_60b6a03d71f818d5;C:\Program Files\Java\jdk-18.0.1\bin\server;C:\WINDOWS\System32\DriverStore\FileRepository\u0390451.inf_amd64_39377efdd62734d1\B390182;C:\Users\Camer\AppData\Local\Temp\jnigen\1044091258

VM Arguments:
jvm_args: -agentlib:jdwp=transport=dt_socket,address=127.0.0.1:54492,suspend=y,server=n -javaagent:C:\Users\Camer\AppData\Local\JetBrains\IdeaIC2023.2\captureAgent\debugger-agent.jar -Dfile.encoding=UTF-8 -Dsun.stdout.encoding=UTF-8 -Dsun.stderr.encoding=UTF-8 
java_command: com.quickscythe.silver.Main leveleditor
java_class_path (initial): C:\Users\Quick\Development\Workspaces\Intellij\project-silver\target\classes;C:\Users\Camer\.m2\repository\com\github\WilliamAHartman\Jamepad\1.4.0\Jamepad-1.4.0.jar;C:\Users\Camer\.m2\repository\uk\co\electronstudio\sdl2gdx\sdl2gdx\1.0.4\sdl2gdx-1.0.4.jar;C:\Users\Camer\.m2\repository\com\badlogicgames\gdx\gdx\1.9.9\gdx-1.9.9.jar;C:\Users\Camer\.m2\repository\com\badlogicgames\gdx\gdx-controllers\1.9.9\gdx-controllers-1.9.9.jar;C:\Users\Camer\.m2\repository\com\badlogicgames\gdx\gdx-jnigen\1.9.10\gdx-jnigen-1.9.10.jar;C:\Users\Camer\.m2\repository\com\github\javaparser\javaparser-core\2.3.0\javaparser-core-2.3.0.jar;C:\Program Files\JetBrains\IntelliJ IDEA Community Edition 2023.2.3\lib\idea_rt.jar
Launcher Type: SUN_STANDARD

[Global flags]
     intx CICompilerCount                          = 4                                         {product} {ergonomic}
     uint ConcGCThreads                            = 2                                         {product} {ergonomic}
     uint G1ConcRefinementThreads                  = 8                                         {product} {ergonomic}
   size_t G1HeapRegionSize                         = 2097152                                   {product} {ergonomic}
    uintx GCDrainStackTargetSize                   = 64                                        {product} {ergonomic}
   size_t InitialHeapSize                          = 201326592                                 {product} {ergonomic}
   size_t MarkStackSize                            = 4194304                                   {product} {ergonomic}
   size_t MaxHeapSize                              = 3204448256                                {product} {ergonomic}
   size_t MaxNewSize                               = 1920991232                                {product} {ergonomic}
   size_t MinHeapDeltaBytes                        = 2097152                                   {product} {ergonomic}
   size_t MinHeapSize                              = 8388608                                   {product} {ergonomic}
    uintx NonNMethodCodeHeapSize                   = 5839372                                {pd product} {ergonomic}
    uintx NonProfiledCodeHeapSize                  = 122909434                              {pd product} {ergonomic}
    uintx ProfiledCodeHeapSize                     = 122909434                              {pd product} {ergonomic}
    uintx ReservedCodeCacheSize                    = 251658240                              {pd product} {ergonomic}
     bool SegmentedCodeCache                       = true                                      {product} {ergonomic}
   size_t SoftMaxHeapSize                          = 3204448256                             {manageable} {ergonomic}
     bool UseCompressedClassPointers               = true                           {product lp64_product} {ergonomic}
     bool UseCompressedOops                        = true                           {product lp64_product} {ergonomic}
     bool UseG1GC                                  = true                                      {product} {ergonomic}
     bool UseLargePagesIndividualAllocation        = false                                  {pd product} {ergonomic}

Logging:
Log output configuration:
 #0: stdout all=warning uptime,level,tags foldmultilines=false
 #1: stderr all=off uptime,level,tags foldmultilines=false

Environment Variables:
PATH=C:\Program Files\Common Files\Oracle\Java\javapath;C:\Program Files (x86)\Common Files\Oracle\Java\javapath;C:\WINDOWS\system32;C:\WINDOWS;C:\WINDOWS\System32\Wbem;C:\WINDOWS\System32\WindowsPowerShell\v1.0\;C:\WINDOWS\System32\OpenSSH\;C:\Program Files (x86)\Bitvise SSH Client;C:\Program Files\Git\cmd;C:\opt\maven\bin;C:\Program Files\dotnet\;C:\Users\Camer\AppData\Local\Microsoft\WindowsApps;C:\Users\Camer\AppData\Local\GitHubDesktop\bin
USERNAME=quickscythe
OS=Windows_NT
PROCESSOR_IDENTIFIER=AMD64 Family 23 Model 113 Stepping 0, AuthenticAMD



---------------  S Y S T E M  ---------------

OS:
 Windows 10 , 64 bit Build 19041 (10.0.19041.3636)
OS uptime: 2 days 15:42 hours

CPU: total 8 (initial active 8) (8 cores per cpu, 2 threads per core) family 23 model 113 stepping 0 microcode 0x0, cx8, cmov, fxsr, ht, mmx, 3dnowpref, sse, sse2, sse3, ssse3, sse4a, sse4.1, sse4.2, popcnt, lzcnt, tsc, tscinvbit, avx, avx2, aes, clmul, bmi1, bmi2, adx, sha, fma, vzeroupper, clflush, clflushopt

Memory: 4k page, system-wide physical 12218M (3963M free)
TotalPageFile size 37818M (AvailPageFile size 21358M)
current process WorkingSet (physical memory assigned to process): 671M, peak: 702M
current process commit charge ("private bytes"): 909M, peak: 976M

vm_info: Java HotSpot(TM) 64-Bit Server VM (18.0.1+10-24) for windows-amd64 JRE (18.0.1+10-24), built on Mar  9 2022 22:41:56 by "mach5one" with MS VC++ 16.8 / 16.9 (VS2019)

END.
